"../../../Engine/Content/EditorResources/S_Actor.ubulk" 0
"../../../Engine/Content/EditorResources/S_Actor.uasset" 1
"../../../Engine/Content/EditorResources/S_Actor.uexp" 2
"../../../Engine/Content/EditorResources/S_BoxReflectionCapture.uasset" 3
"../../../Engine/Content/EditorResources/S_BoxReflectionCapture.uexp" 4
"../../../Engine/Content/EngineResources/DefaultTexture.ubulk" 5
"../../../Engine/Content/EngineResources/DefaultTexture.uasset" 6
"../../../Engine/Content/EngineResources/DefaultTexture.uexp" 7
"../../../Engine/Content/EngineResources/DefaultTextureCube.uasset" 8
"../../../Engine/Content/EngineResources/DefaultTextureCube.uexp" 9
"../../../Engine/Content/EngineResources/DefaultVolumeTexture2D.uasset" 10
"../../../Engine/Content/EngineResources/DefaultVolumeTexture2D.uexp" 11
"../../../Engine/Content/EngineResources/DefaultVolumeTexture.uasset" 12
"../../../Engine/Content/EngineResources/DefaultVolumeTexture.uexp" 13
"../../../Engine/Content/EditorResources/S_Trigger.ubulk" 14
"../../../Engine/Content/EditorResources/S_Trigger.uasset" 15
"../../../Engine/Content/EditorResources/S_Trigger.uexp" 16
"../../../Engine/Content/EditorResources/S_TriggerBox.uasset" 17
"../../../Engine/Content/EditorResources/S_TriggerBox.uexp" 18
"../../../Engine/Content/EditorResources/S_TriggerCapsule.uasset" 19
"../../../Engine/Content/EditorResources/S_TriggerCapsule.uexp" 20
"../../../Engine/Content/EditorResources/S_TriggerSphere.uasset" 21
"../../../Engine/Content/EditorResources/S_TriggerSphere.uexp" 22
"../../../Engine/Content/EngineMeshes/Sphere.ubulk" 23
"../../../Engine/Content/EngineMeshes/Sphere.uasset" 24
"../../../Engine/Content/EngineMeshes/Sphere.uexp" 25
"../../../Engine/Content/EngineResources/GradientTexture0.uasset" 26
"../../../Engine/Content/EngineResources/GradientTexture0.uexp" 27
"../../../Engine/Content/EngineResources/Black.uasset" 28
"../../../Engine/Content/EngineResources/Black.uexp" 29
"../../../Engine/Content/VREditor/LaserPointer/VR_LaserPower_01.ubulk" 30
"../../../Engine/Content/VREditor/LaserPointer/VR_LaserPower_01.uasset" 31
"../../../Engine/Content/VREditor/LaserPointer/VR_LaserPower_01.uexp" 32
"../../../Engine/Content/VREditor/TransformGizmo/TransformGizmoMaterial.uasset" 33
"../../../Engine/Content/VREditor/TransformGizmo/TransformGizmoMaterial.uexp" 34
"../../../Engine/Content/VREditor/TransformGizmo/TranslucentTransformGizmoMaterial.uasset" 35
"../../../Engine/Content/VREditor/TransformGizmo/TranslucentTransformGizmoMaterial.uexp" 36
"../../../Engine/Content/VREditor/TransformGizmo/PlaneTranslationHandle.ubulk" 37
"../../../Engine/Content/VREditor/TransformGizmo/PlaneTranslationHandle.uasset" 38
"../../../Engine/Content/VREditor/TransformGizmo/PlaneTranslationHandle.uexp" 39
"../../../Engine/Content/VREditor/TransformGizmo/BoundingBoxCorner.ubulk" 40
"../../../Engine/Content/VREditor/TransformGizmo/BoundingBoxCorner.uasset" 41
"../../../Engine/Content/VREditor/TransformGizmo/BoundingBoxCorner.uexp" 42
"../../../Engine/Content/VREditor/TransformGizmo/BoundingBoxEdge.ubulk" 43
"../../../Engine/Content/VREditor/TransformGizmo/BoundingBoxEdge.uasset" 44
"../../../Engine/Content/VREditor/TransformGizmo/BoundingBoxEdge.uexp" 45
"../../../Engine/Content/VREditor/TransformGizmo/Main.uasset" 46
"../../../Engine/Content/VREditor/TransformGizmo/Main.uexp" 47
"../../../Engine/Content/VREditor/TransformGizmo/Xray.uasset" 48
"../../../Engine/Content/VREditor/TransformGizmo/Xray.uexp" 49
"../../../Engine/Content/VREditor/TransformGizmo/SM_Sequencer_Node.ubulk" 50
"../../../Engine/Content/VREditor/TransformGizmo/SM_Sequencer_Node.uasset" 51
"../../../Engine/Content/VREditor/TransformGizmo/SM_Sequencer_Node.uexp" 52
"../../../Engine/Content/EditorMaterials/Camera/CineMat.uasset" 53
"../../../Engine/Content/EditorMaterials/Camera/CineMat.uexp" 54
"../../../Engine/Content/EditorMaterials/Camera/MI_CineMat_Rig.uasset" 55
"../../../Engine/Content/EditorMaterials/Camera/MI_CineMat_Rig.uexp" 56
"../../../Engine/Content/EditorMeshes/Camera/SM_CraneRig_Base.ubulk" 57
"../../../Engine/Content/EditorMeshes/Camera/SM_CraneRig_Base.uasset" 58
"../../../Engine/Content/EditorMeshes/Camera/SM_CraneRig_Base.uexp" 59
"../../../Engine/Content/EditorMeshes/Camera/SM_CraneRig_Arm.ubulk" 60
"../../../Engine/Content/EditorMeshes/Camera/SM_CraneRig_Arm.uasset" 61
"../../../Engine/Content/EditorMeshes/Camera/SM_CraneRig_Arm.uexp" 62
"../../../Engine/Content/EditorMeshes/Camera/SM_CraneRig_Mount.ubulk" 63
"../../../Engine/Content/EditorMeshes/Camera/SM_CraneRig_Mount.uasset" 64
"../../../Engine/Content/EditorMeshes/Camera/SM_CraneRig_Mount.uexp" 65
"../../../Engine/Content/EditorMeshes/Camera/SM_CraneRig_Body.ubulk" 66
"../../../Engine/Content/EditorMeshes/Camera/SM_CraneRig_Body.uasset" 67
"../../../Engine/Content/EditorMeshes/Camera/SM_CraneRig_Body.uexp" 68
"../../../Engine/Content/EditorMeshes/Camera/SM_RailRig_Track.ubulk" 69
"../../../Engine/Content/EditorMeshes/Camera/SM_RailRig_Track.uasset" 70
"../../../Engine/Content/EditorMeshes/Camera/SM_RailRig_Track.uexp" 71
"../../../Engine/Content/EditorMeshes/Camera/SM_RailRig_Mount.ubulk" 72
"../../../Engine/Content/EditorMeshes/Camera/SM_RailRig_Mount.uasset" 73
"../../../Engine/Content/EditorMeshes/Camera/SM_RailRig_Mount.uexp" 74
"../../../Engine/Content/EngineMaterials/T_Default_Material_Grid_M.ubulk" 75
"../../../Engine/Content/EngineMaterials/T_Default_Material_Grid_M.uasset" 76
"../../../Engine/Content/EngineMaterials/T_Default_Material_Grid_M.uexp" 77
"../../../Engine/Content/EngineMaterials/T_Default_Material_Grid_N.ubulk" 78
"../../../Engine/Content/EngineMaterials/T_Default_Material_Grid_N.uasset" 79
"../../../Engine/Content/EngineMaterials/T_Default_Material_Grid_N.uexp" 80
"../../../Engine/Content/Functions/Engine_MaterialFunctions01/Opacity/CameraDepthFade.uasset" 81
"../../../Engine/Content/Functions/Engine_MaterialFunctions01/Opacity/CameraDepthFade.uexp" 82
"../../../Engine/Content/EngineMaterials/WorldGridMaterial.uasset" 83
"../../../Engine/Content/EngineMaterials/WorldGridMaterial.uexp" 84
"../../../Engine/Content/ArtTools/RenderToTexture/Meshes/S_1_Unit_Plane.ubulk" 85
"../../../Engine/Content/ArtTools/RenderToTexture/Meshes/S_1_Unit_Plane.uasset" 86
"../../../Engine/Content/ArtTools/RenderToTexture/Meshes/S_1_Unit_Plane.uexp" 87
"../../../Engine/Content/EditorMaterials/ParticleSystems/PSysThumbnail_NoImage.ubulk" 88
"../../../Engine/Content/EditorMaterials/ParticleSystems/PSysThumbnail_NoImage.uasset" 89
"../../../Engine/Content/EditorMaterials/ParticleSystems/PSysThumbnail_NoImage.uexp" 90
"../../../Engine/Content/EditorMaterials/ParticleSystems/PSysThumbnail_OOD.ubulk" 91
"../../../Engine/Content/EditorMaterials/ParticleSystems/PSysThumbnail_OOD.uasset" 92
"../../../Engine/Content/EditorMaterials/ParticleSystems/PSysThumbnail_OOD.uexp" 93
"../../../Engine/Content/EditorLandscapeResources/SplineEditorMeshMat.uasset" 94
"../../../Engine/Content/EditorLandscapeResources/SplineEditorMeshMat.uexp" 95
"../../../Engine/Content/EditorLandscapeResources/SplineEditorMesh.ubulk" 96
"../../../Engine/Content/EditorLandscapeResources/SplineEditorMesh.uasset" 97
"../../../Engine/Content/EditorLandscapeResources/SplineEditorMesh.uexp" 98
"../../../Engine/Content/EditorResources/S_Solver.ubulk" 99
"../../../Engine/Content/EditorResources/S_Solver.uasset" 100
"../../../Engine/Content/EditorResources/S_Solver.uexp" 101
"../../../Engine/Plugins/Media/MediaPlate/Content/SM_MediaPlateScreen.ubulk" 102
"../../../Engine/Plugins/Media/MediaPlate/Content/SM_MediaPlateScreen.uasset" 103
"../../../Engine/Plugins/Media/MediaPlate/Content/SM_MediaPlateScreen.uexp" 104
"../../../Engine/Content/EngineMaterials/Good64x64TilingNoiseHighFreq.uasset" 105
"../../../Engine/Content/EngineMaterials/Good64x64TilingNoiseHighFreq.uexp" 106
"../../../Engine/Content/EngineMaterials/DefaultBokeh.uasset" 107
"../../../Engine/Content/EngineMaterials/DefaultBokeh.uexp" 108
"../../../Engine/Content/EngineMaterials/PreintegratedSkinBRDF.uasset" 109
"../../../Engine/Content/EngineMaterials/PreintegratedSkinBRDF.uexp" 110
"../../../Engine/Content/EngineMaterials/MiniFont.uasset" 111
"../../../Engine/Content/EngineMaterials/MiniFont.uexp" 112
"../../../Engine/Content/EngineMaterials/WeightMapPlaceholderTexture.uasset" 113
"../../../Engine/Content/EngineMaterials/WeightMapPlaceholderTexture.uexp" 114
"../../../Engine/Content/EngineMaterials/DefaultWhiteGrid.ubulk" 115
"../../../Engine/Content/EngineMaterials/DefaultWhiteGrid.uasset" 116
"../../../Engine/Content/EngineMaterials/DefaultWhiteGrid.uexp" 117
"../../../Engine/Plugins/2D/Paper2D/Content/PlaceholderTextures/DummySpriteTexture.ubulk" 118
"../../../Engine/Plugins/2D/Paper2D/Content/PlaceholderTextures/DummySpriteTexture.uasset" 119
"../../../Engine/Plugins/2D/Paper2D/Content/PlaceholderTextures/DummySpriteTexture.uexp" 120
"../../../Engine/Plugins/2D/Paper2D/Content/DefaultSpriteMaterial.uasset" 121
"../../../Engine/Plugins/2D/Paper2D/Content/DefaultSpriteMaterial.uexp" 122
"../../../Engine/Plugins/2D/Paper2D/Content/OpaqueUnlitSpriteMaterial.uasset" 123
"../../../Engine/Plugins/2D/Paper2D/Content/OpaqueUnlitSpriteMaterial.uexp" 124
"../../../Engine/Plugins/2D/Paper2D/Content/MaskedUnlitSpriteMaterial.uasset" 125
"../../../Engine/Plugins/2D/Paper2D/Content/MaskedUnlitSpriteMaterial.uexp" 126
"../../../Engine/Plugins/2D/Paper2D/Content/DummySprite.uasset" 127
"../../../Engine/Plugins/2D/Paper2D/Content/DummySprite.uexp" 128
"../../../Engine/Plugins/2D/Paper2D/Content/DefaultPaperTerrainMaterial.uasset" 129
"../../../Engine/Plugins/2D/Paper2D/Content/DefaultPaperTerrainMaterial.uexp" 130
"../../../Engine/Content/Functions/Engine_MaterialFunctions02/WorldPositionOffset/CameraOffset.uasset" 131
"../../../Engine/Content/Functions/Engine_MaterialFunctions02/WorldPositionOffset/CameraOffset.uexp" 132
"../../../Engine/Plugins/Animation/ControlRig/Content/M_Manip.uasset" 133
"../../../Engine/Plugins/Animation/ControlRig/Content/M_Manip.uexp" 134
"../../../Engine/Content/EngineMaterials/DefaultMaterial.uasset" 135
"../../../Engine/Content/EngineMaterials/DefaultMaterial.uexp" 136
"../../../Engine/Content/BasicShapes/Cylinder.ubulk" 137
"../../../Engine/Content/BasicShapes/Cylinder.uasset" 138
"../../../Engine/Content/BasicShapes/Cylinder.uexp" 139
"../../../Engine/Content/BasicShapes/Cone.ubulk" 140
"../../../Engine/Content/BasicShapes/Cone.uasset" 141
"../../../Engine/Content/BasicShapes/Cone.uexp" 142
"../../../Engine/Content/EditorMaterials/PreviewShadowIndicator.ubulk" 143
"../../../Engine/Content/EditorMaterials/PreviewShadowIndicator.uasset" 144
"../../../Engine/Content/EditorMaterials/PreviewShadowIndicator.uexp" 145
"../../../Engine/Content/EditorMaterials/PreviewShadowIndicatorMaterial.uasset" 146
"../../../Engine/Content/EditorMaterials/PreviewShadowIndicatorMaterial.uexp" 147
"../../../Engine/Content/EditorMaterials/PhAT_UnselectedMaterial.uasset" 148
"../../../Engine/Content/EditorMaterials/PhAT_UnselectedMaterial.uexp" 149
"../../../Engine/Content/EditorMaterials/PhAT_NoCollisionMaterial.uasset" 150
"../../../Engine/Content/EditorMaterials/PhAT_NoCollisionMaterial.uexp" 151
"../../../Engine/Content/EngineSounds/Master.uasset" 152
"../../../Engine/Content/EngineSounds/Master.uexp" 153
"../../../Engine/Content/EngineSky/T_Sky_Stars.ubulk" 154
"../../../Engine/Content/EngineSky/T_Sky_Stars.uasset" 155
"../../../Engine/Content/EngineSky/T_Sky_Stars.uexp" 156
"../../../Engine/Content/EngineSky/T_Sky_Clouds_M.ubulk" 157
"../../../Engine/Content/EngineSky/T_Sky_Clouds_M.uasset" 158
"../../../Engine/Content/EngineSky/T_Sky_Clouds_M.uexp" 159
"../../../Engine/Content/EngineSky/T_Sky_Blue.ubulk" 160
"../../../Engine/Content/EngineSky/T_Sky_Blue.uasset" 161
"../../../Engine/Content/EngineSky/T_Sky_Blue.uexp" 162
"../../../Engine/Content/EngineSky/M_Sky_Panning_Clouds2.uasset" 163
"../../../Engine/Content/EngineSky/M_Sky_Panning_Clouds2.uexp" 164
"../../../Engine/Content/EngineSky/SM_SkySphere.ubulk" 165
"../../../Engine/Content/EngineSky/SM_SkySphere.uasset" 166
"../../../Engine/Content/EngineSky/SM_SkySphere.uexp" 167
"../../../Engine/Content/EngineSky/M_SimpleSkyDome.uasset" 168
"../../../Engine/Content/EngineSky/M_SimpleSkyDome.uexp" 169
"../../../Engine/Plugins/Editor/SpeedTreeImporter/Content/SpeedTree9/game_wind_noise.ubulk" 170
"../../../Engine/Plugins/Editor/SpeedTreeImporter/Content/SpeedTree9/game_wind_noise.uasset" 171
"../../../Engine/Plugins/Editor/SpeedTreeImporter/Content/SpeedTree9/game_wind_noise.uexp" 172
"../../../Engine/Plugins/Editor/SpeedTreeImporter/Content/SpeedTree9/UnpackDirection.uasset" 173
"../../../Engine/Plugins/Editor/SpeedTreeImporter/Content/SpeedTree9/UnpackDirection.uexp" 174
"../../../Engine/Content/Functions/Engine_MaterialFunctions02/ObjectLocalBounds.uasset" 175
"../../../Engine/Content/Functions/Engine_MaterialFunctions02/ObjectLocalBounds.uexp" 176
"../../../Engine/Content/Functions/Engine_MaterialFunctions02/Utility/BreakOutFloat3Components.uasset" 177
"../../../Engine/Content/Functions/Engine_MaterialFunctions02/Utility/BreakOutFloat3Components.uexp" 178
"../../../Engine/Content/Functions/Engine_MaterialFunctions02/UVs/BoundingBoxBased_0-1_UVW.uasset" 179
"../../../Engine/Content/Functions/Engine_MaterialFunctions02/UVs/BoundingBoxBased_0-1_UVW.uexp" 180
"../../../Engine/Content/Functions/Engine_MaterialFunctions02/Utility/VectorLength.uasset" 181
"../../../Engine/Content/Functions/Engine_MaterialFunctions02/Utility/VectorLength.uexp" 182
"../../../Engine/Plugins/Editor/SpeedTreeImporter/Content/SpeedTree9/UnpackInteger3.uasset" 183
"../../../Engine/Plugins/Editor/SpeedTreeImporter/Content/SpeedTree9/UnpackInteger3.uexp" 184
"../../../Engine/Plugins/Editor/SpeedTreeImporter/Content/SpeedTree9/SpeedTreeCameraFacing.uasset" 185
"../../../Engine/Plugins/Editor/SpeedTreeImporter/Content/SpeedTree9/SpeedTreeCameraFacing.uexp" 186
"../../../Engine/Content/Functions/Engine_MaterialFunctions02/WorldPositionOffset/ObjectScale.uasset" 187
"../../../Engine/Content/Functions/Engine_MaterialFunctions02/WorldPositionOffset/ObjectScale.uexp" 188
"../../../Engine/Content/Functions/Engine_MaterialFunctions02/SafeNormalize.uasset" 189
"../../../Engine/Content/Functions/Engine_MaterialFunctions02/SafeNormalize.uexp" 190
"../../../Engine/Plugins/Editor/SpeedTreeImporter/Content/SpeedTree9/SpeedTreeWindMotion.uasset" 191
"../../../Engine/Plugins/Editor/SpeedTreeImporter/Content/SpeedTree9/SpeedTreeWindMotion.uexp" 192
"../../../Engine/Plugins/Editor/SpeedTreeImporter/Content/SpeedTree9/SpeedTreeBranchMotion.uasset" 193
"../../../Engine/Plugins/Editor/SpeedTreeImporter/Content/SpeedTree9/SpeedTreeBranchMotion.uexp" 194
"../../../Engine/Plugins/Editor/SpeedTreeImporter/Content/SpeedTree9/SpeedTreeWind.uasset" 195
"../../../Engine/Plugins/Editor/SpeedTreeImporter/Content/SpeedTree9/SpeedTreeWind.uexp" 196
"../../../Engine/Plugins/Editor/SpeedTreeImporter/Content/SpeedTree9/EmptyNormal.uasset" 197
"../../../Engine/Plugins/Editor/SpeedTreeImporter/Content/SpeedTree9/EmptyNormal.uexp" 198
"../../../Engine/Plugins/Editor/SpeedTreeImporter/Content/SpeedTree9/Empty.uasset" 199
"../../../Engine/Plugins/Editor/SpeedTreeImporter/Content/SpeedTree9/Empty.uexp" 200
"../../../Engine/Plugins/Editor/SpeedTreeImporter/Content/SpeedTree9/SpeedTreeMaster.uasset" 201
"../../../Engine/Plugins/Editor/SpeedTreeImporter/Content/SpeedTree9/SpeedTreeMaster.uexp" 202
"../../../Engine/Plugins/Editor/SpeedTreeImporter/Content/SpeedTree9/SpeedTreeBillboard.uasset" 203
"../../../Engine/Plugins/Editor/SpeedTreeImporter/Content/SpeedTree9/SpeedTreeBillboard.uexp" 204
"../../../Engine/Plugins/Editor/SpeedTreeImporter/Content/SpeedTree9/SpeedTreeBillboardMaster.uasset" 205
"../../../Engine/Plugins/Editor/SpeedTreeImporter/Content/SpeedTree9/SpeedTreeBillboardMaster.uexp" 206
"../../../Engine/Plugins/Animation/ControlRig/Content/Controls/DefaultGizmoLibraryNormalized.uasset" 207
"../../../Engine/Plugins/Animation/ControlRig/Content/Controls/DefaultGizmoLibraryNormalized.uexp" 208
"../../../Engine/Plugins/Animation/ControlRig/Content/Controls/ControlRig_Wedge_solid.ubulk" 209
"../../../Engine/Plugins/Animation/ControlRig/Content/Controls/ControlRig_Wedge_solid.uasset" 210
"../../../Engine/Plugins/Animation/ControlRig/Content/Controls/ControlRig_Wedge_solid.uexp" 211
"../../../Engine/Plugins/Animation/ControlRig/Content/Controls/ControlRig_Wedge_3mm.ubulk" 212
"../../../Engine/Plugins/Animation/ControlRig/Content/Controls/ControlRig_Wedge_3mm.uasset" 213
"../../../Engine/Plugins/Animation/ControlRig/Content/Controls/ControlRig_Wedge_3mm.uexp" 214
"../../../Engine/Plugins/Animation/ControlRig/Content/Controls/ControlRig_Wedge_1mm.ubulk" 215
"../../../Engine/Plugins/Animation/ControlRig/Content/Controls/ControlRig_Wedge_1mm.uasset" 216
"../../../Engine/Plugins/Animation/ControlRig/Content/Controls/ControlRig_Wedge_1mm.uexp" 217
"../../../Engine/Plugins/Animation/ControlRig/Content/Controls/ControlRig_Triangle_solid.ubulk" 218
"../../../Engine/Plugins/Animation/ControlRig/Content/Controls/ControlRig_Triangle_solid.uasset" 219
"../../../Engine/Plugins/Animation/ControlRig/Content/Controls/ControlRig_Triangle_solid.uexp" 220
"../../../Engine/Plugins/Animation/ControlRig/Content/Controls/ControlRig_Triangle_3mm.ubulk" 221
"../../../Engine/Plugins/Animation/ControlRig/Content/Controls/ControlRig_Triangle_3mm.uasset" 222
"../../../Engine/Plugins/Animation/ControlRig/Content/Controls/ControlRig_Triangle_3mm.uexp" 223
"../../../Engine/Plugins/Animation/ControlRig/Content/Controls/ControlRig_Triangle_1mm.ubulk" 224
"../../../Engine/Plugins/Animation/ControlRig/Content/Controls/ControlRig_Triangle_1mm.uasset" 225
"../../../Engine/Plugins/Animation/ControlRig/Content/Controls/ControlRig_Triangle_1mm.uexp" 226
"../../../Engine/Plugins/Animation/ControlRig/Content/Controls/ControlRig_Star4_solid.ubulk" 227
"../../../Engine/Plugins/Animation/ControlRig/Content/Controls/ControlRig_Star4_solid.uasset" 228
"../../../Engine/Plugins/Animation/ControlRig/Content/Controls/ControlRig_Star4_solid.uexp" 229
"../../../Engine/Plugins/Animation/ControlRig/Content/Controls/ControlRig_Star4_3mm.ubulk" 230
"../../../Engine/Plugins/Animation/ControlRig/Content/Controls/ControlRig_Star4_3mm.uasset" 231
"../../../Engine/Plugins/Animation/ControlRig/Content/Controls/ControlRig_Star4_3mm.uexp" 232
"../../../Engine/Plugins/Animation/ControlRig/Content/Controls/ControlRig_Star4_1mm.ubulk" 233
"../../../Engine/Plugins/Animation/ControlRig/Content/Controls/ControlRig_Star4_1mm.uasset" 234
"../../../Engine/Plugins/Animation/ControlRig/Content/Controls/ControlRig_Star4_1mm.uexp" 235
"../../../Engine/Plugins/Animation/ControlRig/Content/Controls/ControlRig_Square_solid.ubulk" 236
"../../../Engine/Plugins/Animation/ControlRig/Content/Controls/ControlRig_Square_solid.uasset" 237
"../../../Engine/Plugins/Animation/ControlRig/Content/Controls/ControlRig_Square_solid.uexp" 238
"../../../Engine/Plugins/Animation/ControlRig/Content/Controls/ControlRig_Square_3mm.ubulk" 239
"../../../Engine/Plugins/Animation/ControlRig/Content/Controls/ControlRig_Square_3mm.uasset" 240
"../../../Engine/Plugins/Animation/ControlRig/Content/Controls/ControlRig_Square_3mm.uexp" 241
"../../../Engine/Plugins/Animation/ControlRig/Content/Controls/ControlRig_Square_1mm.ubulk" 242
"../../../Engine/Plugins/Animation/ControlRig/Content/Controls/ControlRig_Square_1mm.uasset" 243
"../../../Engine/Plugins/Animation/ControlRig/Content/Controls/ControlRig_Square_1mm.uexp" 244
"../../../Engine/Plugins/Animation/ControlRig/Content/Controls/ControlRig_Sphere_solid.ubulk" 245
"../../../Engine/Plugins/Animation/ControlRig/Content/Controls/ControlRig_Sphere_solid.uasset" 246
"../../../Engine/Plugins/Animation/ControlRig/Content/Controls/ControlRig_Sphere_solid.uexp" 247
"../../../Engine/Plugins/Animation/ControlRig/Content/Controls/ControlRig_Sphere_3mm.ubulk" 248
"../../../Engine/Plugins/Animation/ControlRig/Content/Controls/ControlRig_Sphere_3mm.uasset" 249
"../../../Engine/Plugins/Animation/ControlRig/Content/Controls/ControlRig_Sphere_3mm.uexp" 250
"../../../Engine/Plugins/Animation/ControlRig/Content/Controls/ControlRig_Sphere_1mm.ubulk" 251
"../../../Engine/Plugins/Animation/ControlRig/Content/Controls/ControlRig_Sphere_1mm.uasset" 252
"../../../Engine/Plugins/Animation/ControlRig/Content/Controls/ControlRig_Sphere_1mm.uexp" 253
"../../../Engine/Plugins/Animation/ControlRig/Content/Controls/ControlRig_RoundedTriangle_solid.ubulk" 254
"../../../Engine/Plugins/Animation/ControlRig/Content/Controls/ControlRig_RoundedTriangle_solid.uasset" 255
"../../../Engine/Plugins/Animation/ControlRig/Content/Controls/ControlRig_RoundedTriangle_solid.uexp" 256
"../../../Engine/Plugins/Animation/ControlRig/Content/Controls/ControlRig_RoundedTriangle_3mm.ubulk" 257
"../../../Engine/Plugins/Animation/ControlRig/Content/Controls/ControlRig_RoundedTriangle_3mm.uasset" 258
"../../../Engine/Plugins/Animation/ControlRig/Content/Controls/ControlRig_RoundedTriangle_3mm.uexp" 259
"../../../Engine/Plugins/Animation/ControlRig/Content/Controls/ControlRig_RoundedTriangle_1mm.ubulk" 260
"../../../Engine/Plugins/Animation/ControlRig/Content/Controls/ControlRig_RoundedTriangle_1mm.uasset" 261
"../../../Engine/Plugins/Animation/ControlRig/Content/Controls/ControlRig_RoundedTriangle_1mm.uexp" 262
"../../../Engine/Plugins/Animation/ControlRig/Content/Controls/ControlRig_RoundedSquare_solid.ubulk" 263
"../../../Engine/Plugins/Animation/ControlRig/Content/Controls/ControlRig_RoundedSquare_solid.uasset" 264
"../../../Engine/Plugins/Animation/ControlRig/Content/Controls/ControlRig_RoundedSquare_solid.uexp" 265
"../../../Engine/Plugins/Animation/ControlRig/Content/Controls/ControlRig_RoundedSquare_3mm.ubulk" 266
"../../../Engine/Plugins/Animation/ControlRig/Content/Controls/ControlRig_RoundedSquare_3mm.uasset" 267
"../../../Engine/Plugins/Animation/ControlRig/Content/Controls/ControlRig_RoundedSquare_3mm.uexp" 268
"../../../Engine/Plugins/Animation/ControlRig/Content/Controls/ControlRig_RoundedSquare_1mm.ubulk" 269
"../../../Engine/Plugins/Animation/ControlRig/Content/Controls/ControlRig_RoundedSquare_1mm.uasset" 270
"../../../Engine/Plugins/Animation/ControlRig/Content/Controls/ControlRig_RoundedSquare_1mm.uexp" 271
"../../../Engine/Plugins/Animation/ControlRig/Content/Controls/ControlRig_QuarterCircle_solid.ubulk" 272
"../../../Engine/Plugins/Animation/ControlRig/Content/Controls/ControlRig_QuarterCircle_solid.uasset" 273
"../../../Engine/Plugins/Animation/ControlRig/Content/Controls/ControlRig_QuarterCircle_solid.uexp" 274
"../../../Engine/Plugins/Animation/ControlRig/Content/Controls/ControlRig_QuarterCircle_3mm.ubulk" 275
"../../../Engine/Plugins/Animation/ControlRig/Content/Controls/ControlRig_QuarterCircle_3mm.uasset" 276
"../../../Engine/Plugins/Animation/ControlRig/Content/Controls/ControlRig_QuarterCircle_3mm.uexp" 277
"../../../Engine/Plugins/Animation/ControlRig/Content/Controls/ControlRig_QuarterCircle_1mm.ubulk" 278
"../../../Engine/Plugins/Animation/ControlRig/Content/Controls/ControlRig_QuarterCircle_1mm.uasset" 279
"../../../Engine/Plugins/Animation/ControlRig/Content/Controls/ControlRig_QuarterCircle_1mm.uexp" 280
"../../../Engine/Plugins/Animation/ControlRig/Content/Controls/ControlRig_Pyramid_solid.ubulk" 281
"../../../Engine/Plugins/Animation/ControlRig/Content/Controls/ControlRig_Pyramid_solid.uasset" 282
"../../../Engine/Plugins/Animation/ControlRig/Content/Controls/ControlRig_Pyramid_solid.uexp" 283
"../../../Engine/Plugins/Animation/ControlRig/Content/Controls/ControlRig_Pyramid_3mm.ubulk" 284
"../../../Engine/Plugins/Animation/ControlRig/Content/Controls/ControlRig_Pyramid_3mm.uasset" 285
"../../../Engine/Plugins/Animation/ControlRig/Content/Controls/ControlRig_Pyramid_3mm.uexp" 286
"../../../Engine/Plugins/Animation/ControlRig/Content/Controls/ControlRig_Pyramid_1mm.ubulk" 287
"../../../Engine/Plugins/Animation/ControlRig/Content/Controls/ControlRig_Pyramid_1mm.uasset" 288
"../../../Engine/Plugins/Animation/ControlRig/Content/Controls/ControlRig_Pyramid_1mm.uexp" 289
"../../../Engine/Plugins/Animation/ControlRig/Content/Controls/ControlRig_Octagon_solid.ubulk" 290
"../../../Engine/Plugins/Animation/ControlRig/Content/Controls/ControlRig_Octagon_solid.uasset" 291
"../../../Engine/Plugins/Animation/ControlRig/Content/Controls/ControlRig_Octagon_solid.uexp" 292
"../../../Engine/Plugins/Animation/ControlRig/Content/Controls/ControlRig_Octagon_3mm.ubulk" 293
"../../../Engine/Plugins/Animation/ControlRig/Content/Controls/ControlRig_Octagon_3mm.uasset" 294
"../../../Engine/Plugins/Animation/ControlRig/Content/Controls/ControlRig_Octagon_3mm.uexp" 295
"../../../Engine/Plugins/Animation/ControlRig/Content/Controls/ControlRig_Octagon_1mm.ubulk" 296
"../../../Engine/Plugins/Animation/ControlRig/Content/Controls/ControlRig_Octagon_1mm.uasset" 297
"../../../Engine/Plugins/Animation/ControlRig/Content/Controls/ControlRig_Octagon_1mm.uexp" 298
"C:/Users/ajton/Perforce/u1247739_BeefComputer_7811/EAE3710-2023Summer-RedHerring/Content/Objects/woodenChair.ubulk" 299
"C:/Users/ajton/Perforce/u1247739_BeefComputer_7811/EAE3710-2023Summer-RedHerring/Content/Objects/woodenChair.uasset" 300
"C:/Users/ajton/Perforce/u1247739_BeefComputer_7811/EAE3710-2023Summer-RedHerring/Content/Objects/woodenChair.uexp" 301
"C:/Users/ajton/Perforce/u1247739_BeefComputer_7811/EAE3710-2023Summer-RedHerring/Content/Objects/windowBasic.ubulk" 302
"C:/Users/ajton/Perforce/u1247739_BeefComputer_7811/EAE3710-2023Summer-RedHerring/Content/Objects/windowBasic.uasset" 303
"C:/Users/ajton/Perforce/u1247739_BeefComputer_7811/EAE3710-2023Summer-RedHerring/Content/Objects/windowBasic.uexp" 304
"C:/Users/ajton/Perforce/u1247739_BeefComputer_7811/EAE3710-2023Summer-RedHerring/Content/Objects/window2Pane.ubulk" 305
"C:/Users/ajton/Perforce/u1247739_BeefComputer_7811/EAE3710-2023Summer-RedHerring/Content/Objects/window2Pane.uasset" 306
"C:/Users/ajton/Perforce/u1247739_BeefComputer_7811/EAE3710-2023Summer-RedHerring/Content/Objects/window2Pane.uexp" 307
"C:/Users/ajton/Perforce/u1247739_BeefComputer_7811/EAE3710-2023Summer-RedHerring/Content/Objects/wallLamp.ubulk" 308
"C:/Users/ajton/Perforce/u1247739_BeefComputer_7811/EAE3710-2023Summer-RedHerring/Content/Objects/wallLamp.uasset" 309
"C:/Users/ajton/Perforce/u1247739_BeefComputer_7811/EAE3710-2023Summer-RedHerring/Content/Objects/wallLamp.uexp" 310
"C:/Users/ajton/Perforce/u1247739_BeefComputer_7811/EAE3710-2023Summer-RedHerring/Content/Objects/wallClock.ubulk" 311
"C:/Users/ajton/Perforce/u1247739_BeefComputer_7811/EAE3710-2023Summer-RedHerring/Content/Objects/wallClock.uasset" 312
"C:/Users/ajton/Perforce/u1247739_BeefComputer_7811/EAE3710-2023Summer-RedHerring/Content/Objects/wallClock.uexp" 313
"C:/Users/ajton/Perforce/u1247739_BeefComputer_7811/EAE3710-2023Summer-RedHerring/Content/Objects/Trash_Can_Tube001.ubulk" 314
"C:/Users/ajton/Perforce/u1247739_BeefComputer_7811/EAE3710-2023Summer-RedHerring/Content/Objects/Trash_Can_Tube001.uasset" 315
"C:/Users/ajton/Perforce/u1247739_BeefComputer_7811/EAE3710-2023Summer-RedHerring/Content/Objects/Trash_Can_Tube001.uexp" 316
"C:/Users/ajton/Perforce/u1247739_BeefComputer_7811/EAE3710-2023Summer-RedHerring/Content/Objects/Trash_Can_Cylinder001.ubulk" 317
"C:/Users/ajton/Perforce/u1247739_BeefComputer_7811/EAE3710-2023Summer-RedHerring/Content/Objects/Trash_Can_Cylinder001.uasset" 318
"C:/Users/ajton/Perforce/u1247739_BeefComputer_7811/EAE3710-2023Summer-RedHerring/Content/Objects/Trash_Can_Cylinder001.uexp" 319
"C:/Users/ajton/Perforce/u1247739_BeefComputer_7811/EAE3710-2023Summer-RedHerring/Content/Objects/Trash_Can.uasset" 320
"C:/Users/ajton/Perforce/u1247739_BeefComputer_7811/EAE3710-2023Summer-RedHerring/Content/Objects/Trash_Can.uexp" 321
"../../../Engine/Content/BasicShapes/Cube.ubulk" 322
"../../../Engine/Content/BasicShapes/Cube.uasset" 323
"../../../Engine/Content/BasicShapes/Cube.uexp" 324
"../../../Engine/Content/BasicShapes/BasicShapeMaterial.uasset" 325
"../../../Engine/Content/BasicShapes/BasicShapeMaterial.uexp" 326
"C:/Users/ajton/Perforce/u1247739_BeefComputer_7811/EAE3710-2023Summer-RedHerring/Content/Objects/StreetBlock.uasset" 327
"C:/Users/ajton/Perforce/u1247739_BeefComputer_7811/EAE3710-2023Summer-RedHerring/Content/Objects/StreetBlock.uexp" 328
"C:/Users/ajton/Perforce/u1247739_BeefComputer_7811/EAE3710-2023Summer-RedHerring/Content/Objects/Stool.ubulk" 329
"C:/Users/ajton/Perforce/u1247739_BeefComputer_7811/EAE3710-2023Summer-RedHerring/Content/Objects/Stool.uasset" 330
"C:/Users/ajton/Perforce/u1247739_BeefComputer_7811/EAE3710-2023Summer-RedHerring/Content/Objects/Stool.uexp" 331
"C:/Users/ajton/Perforce/u1247739_BeefComputer_7811/EAE3710-2023Summer-RedHerring/Content/Objects/rug.ubulk" 332
"C:/Users/ajton/Perforce/u1247739_BeefComputer_7811/EAE3710-2023Summer-RedHerring/Content/Objects/rug.uasset" 333
"C:/Users/ajton/Perforce/u1247739_BeefComputer_7811/EAE3710-2023Summer-RedHerring/Content/Objects/rug.uexp" 334
"C:/Users/ajton/Perforce/u1247739_BeefComputer_7811/EAE3710-2023Summer-RedHerring/Content/Objects/pictureFrame.ubulk" 335
"C:/Users/ajton/Perforce/u1247739_BeefComputer_7811/EAE3710-2023Summer-RedHerring/Content/Objects/pictureFrame.uasset" 336
"C:/Users/ajton/Perforce/u1247739_BeefComputer_7811/EAE3710-2023Summer-RedHerring/Content/Objects/pictureFrame.uexp" 337
"C:/Users/ajton/Perforce/u1247739_BeefComputer_7811/EAE3710-2023Summer-RedHerring/Content/Objects/NewMaterial.uasset" 338
"C:/Users/ajton/Perforce/u1247739_BeefComputer_7811/EAE3710-2023Summer-RedHerring/Content/Objects/NewMaterial.uexp" 339
"C:/Users/ajton/Perforce/u1247739_BeefComputer_7811/EAE3710-2023Summer-RedHerring/Content/Objects/lmapPost.ubulk" 340
"C:/Users/ajton/Perforce/u1247739_BeefComputer_7811/EAE3710-2023Summer-RedHerring/Content/Objects/lmapPost.uasset" 341
"C:/Users/ajton/Perforce/u1247739_BeefComputer_7811/EAE3710-2023Summer-RedHerring/Content/Objects/lmapPost.uexp" 342
"C:/Users/ajton/Perforce/u1247739_BeefComputer_7811/EAE3710-2023Summer-RedHerring/Content/Objects/Lemonade_Stand.ubulk" 343
"C:/Users/ajton/Perforce/u1247739_BeefComputer_7811/EAE3710-2023Summer-RedHerring/Content/Objects/Lemonade_Stand.uasset" 344
"C:/Users/ajton/Perforce/u1247739_BeefComputer_7811/EAE3710-2023Summer-RedHerring/Content/Objects/Lemonade_Stand.uexp" 345
"C:/Users/ajton/Perforce/u1247739_BeefComputer_7811/EAE3710-2023Summer-RedHerring/Content/Objects/hangingLightFancy.ubulk" 346
"C:/Users/ajton/Perforce/u1247739_BeefComputer_7811/EAE3710-2023Summer-RedHerring/Content/Objects/hangingLightFancy.uasset" 347
"C:/Users/ajton/Perforce/u1247739_BeefComputer_7811/EAE3710-2023Summer-RedHerring/Content/Objects/hangingLightFancy.uexp" 348
"C:/Users/ajton/Perforce/u1247739_BeefComputer_7811/EAE3710-2023Summer-RedHerring/Content/Objects/hangingLight.ubulk" 349
"C:/Users/ajton/Perforce/u1247739_BeefComputer_7811/EAE3710-2023Summer-RedHerring/Content/Objects/hangingLight.uasset" 350
"C:/Users/ajton/Perforce/u1247739_BeefComputer_7811/EAE3710-2023Summer-RedHerring/Content/Objects/hangingLight.uexp" 351
"C:/Users/ajton/Perforce/u1247739_BeefComputer_7811/EAE3710-2023Summer-RedHerring/Content/Objects/FishHook.ubulk" 352
"C:/Users/ajton/Perforce/u1247739_BeefComputer_7811/EAE3710-2023Summer-RedHerring/Content/Objects/FishHook.uasset" 353
"C:/Users/ajton/Perforce/u1247739_BeefComputer_7811/EAE3710-2023Summer-RedHerring/Content/Objects/FishHook.uexp" 354
"C:/Users/ajton/Perforce/u1247739_BeefComputer_7811/EAE3710-2023Summer-RedHerring/Content/Objects/drinkingGlass.ubulk" 355
"C:/Users/ajton/Perforce/u1247739_BeefComputer_7811/EAE3710-2023Summer-RedHerring/Content/Objects/drinkingGlass.uasset" 356
"C:/Users/ajton/Perforce/u1247739_BeefComputer_7811/EAE3710-2023Summer-RedHerring/Content/Objects/drinkingGlass.uexp" 357
"C:/Users/ajton/Perforce/u1247739_BeefComputer_7811/EAE3710-2023Summer-RedHerring/Content/Objects/deskLamp.ubulk" 358
"C:/Users/ajton/Perforce/u1247739_BeefComputer_7811/EAE3710-2023Summer-RedHerring/Content/Objects/deskLamp.uasset" 359
"C:/Users/ajton/Perforce/u1247739_BeefComputer_7811/EAE3710-2023Summer-RedHerring/Content/Objects/deskLamp.uexp" 360
"C:/Users/ajton/Perforce/u1247739_BeefComputer_7811/EAE3710-2023Summer-RedHerring/Content/Objects/deskBell.ubulk" 361
"C:/Users/ajton/Perforce/u1247739_BeefComputer_7811/EAE3710-2023Summer-RedHerring/Content/Objects/deskBell.uasset" 362
"C:/Users/ajton/Perforce/u1247739_BeefComputer_7811/EAE3710-2023Summer-RedHerring/Content/Objects/deskBell.uexp" 363
"C:/Users/ajton/Perforce/u1247739_BeefComputer_7811/EAE3710-2023Summer-RedHerring/Content/Objects/Cup.ubulk" 364
"C:/Users/ajton/Perforce/u1247739_BeefComputer_7811/EAE3710-2023Summer-RedHerring/Content/Objects/Cup.uasset" 365
"C:/Users/ajton/Perforce/u1247739_BeefComputer_7811/EAE3710-2023Summer-RedHerring/Content/Objects/Cup.uexp" 366
"C:/Users/ajton/Perforce/u1247739_BeefComputer_7811/EAE3710-2023Summer-RedHerring/Content/Objects/circleRug.ubulk" 367
"C:/Users/ajton/Perforce/u1247739_BeefComputer_7811/EAE3710-2023Summer-RedHerring/Content/Objects/circleRug.uasset" 368
"C:/Users/ajton/Perforce/u1247739_BeefComputer_7811/EAE3710-2023Summer-RedHerring/Content/Objects/circleRug.uexp" 369
"C:/Users/ajton/Perforce/u1247739_BeefComputer_7811/EAE3710-2023Summer-RedHerring/Content/Objects/Bottle.ubulk" 370
"C:/Users/ajton/Perforce/u1247739_BeefComputer_7811/EAE3710-2023Summer-RedHerring/Content/Objects/Bottle.uasset" 371
"C:/Users/ajton/Perforce/u1247739_BeefComputer_7811/EAE3710-2023Summer-RedHerring/Content/Objects/Bottle.uexp" 372
"C:/Users/ajton/Perforce/u1247739_BeefComputer_7811/EAE3710-2023Summer-RedHerring/Content/Objects/bookShelf.ubulk" 373
"C:/Users/ajton/Perforce/u1247739_BeefComputer_7811/EAE3710-2023Summer-RedHerring/Content/Objects/bookShelf.uasset" 374
"C:/Users/ajton/Perforce/u1247739_BeefComputer_7811/EAE3710-2023Summer-RedHerring/Content/Objects/bookShelf.uexp" 375
"C:/Users/ajton/Perforce/u1247739_BeefComputer_7811/EAE3710-2023Summer-RedHerring/Content/Objects/book.ubulk" 376
"C:/Users/ajton/Perforce/u1247739_BeefComputer_7811/EAE3710-2023Summer-RedHerring/Content/Objects/book.uasset" 377
"C:/Users/ajton/Perforce/u1247739_BeefComputer_7811/EAE3710-2023Summer-RedHerring/Content/Objects/book.uexp" 378
"C:/Users/ajton/Perforce/u1247739_BeefComputer_7811/EAE3710-2023Summer-RedHerring/Content/Objects/barTable.ubulk" 379
"C:/Users/ajton/Perforce/u1247739_BeefComputer_7811/EAE3710-2023Summer-RedHerring/Content/Objects/barTable.uasset" 380
"C:/Users/ajton/Perforce/u1247739_BeefComputer_7811/EAE3710-2023Summer-RedHerring/Content/Objects/barTable.uexp" 381
"C:/Users/ajton/Perforce/u1247739_BeefComputer_7811/EAE3710-2023Summer-RedHerring/Content/Objects/barChair.ubulk" 382
"C:/Users/ajton/Perforce/u1247739_BeefComputer_7811/EAE3710-2023Summer-RedHerring/Content/Objects/barChair.uasset" 383
"C:/Users/ajton/Perforce/u1247739_BeefComputer_7811/EAE3710-2023Summer-RedHerring/Content/Objects/barChair.uexp" 384
"../../../Engine/Plugins/Runtime/MeshModelingToolset/Content/Materials/M_DynamicMeshComponentVtxColor.uasset" 385
"../../../Engine/Plugins/Runtime/MeshModelingToolset/Content/Materials/M_DynamicMeshComponentVtxColor.uexp" 386
"../../../Engine/Plugins/Interchange/Runtime/Content/Pipelines/DefaultTexturePipeline.uasset" 387
"../../../Engine/Plugins/Interchange/Runtime/Content/Pipelines/DefaultTexturePipeline.uexp" 388
"../../../Engine/Plugins/Interchange/Runtime/Content/Pipelines/DefaultSceneLevelPipeline.uasset" 389
"../../../Engine/Plugins/Interchange/Runtime/Content/Pipelines/DefaultSceneLevelPipeline.uexp" 390
"../../../Engine/Plugins/Interchange/Runtime/Content/Pipelines/DefaultSceneAssetsPipeline.uasset" 391
"../../../Engine/Plugins/Interchange/Runtime/Content/Pipelines/DefaultSceneAssetsPipeline.uexp" 392
"../../../Engine/Plugins/Interchange/Runtime/Content/Pipelines/DefaultMaterialPipeline.uasset" 393
"../../../Engine/Plugins/Interchange/Runtime/Content/Pipelines/DefaultMaterialPipeline.uexp" 394
"../../../Engine/Plugins/Interchange/Runtime/Content/Pipelines/DefaultAssetsPipeline.uasset" 395
"../../../Engine/Plugins/Interchange/Runtime/Content/Pipelines/DefaultAssetsPipeline.uexp" 396
"../../../Engine/Plugins/Animation/ControlRig/Content/Controls/ControlRig_Hexagon_solid.ubulk" 397
"../../../Engine/Plugins/Animation/ControlRig/Content/Controls/ControlRig_Hexagon_solid.uasset" 398
"../../../Engine/Plugins/Animation/ControlRig/Content/Controls/ControlRig_Hexagon_solid.uexp" 399
"../../../Engine/Plugins/Animation/ControlRig/Content/Controls/ControlRig_Hexagon_3mm.ubulk" 400
"../../../Engine/Plugins/Animation/ControlRig/Content/Controls/ControlRig_Hexagon_3mm.uasset" 401
"../../../Engine/Plugins/Animation/ControlRig/Content/Controls/ControlRig_Hexagon_3mm.uexp" 402
"../../../Engine/Plugins/Animation/ControlRig/Content/Controls/ControlRig_Hexagon_1mm.ubulk" 403
"../../../Engine/Plugins/Animation/ControlRig/Content/Controls/ControlRig_Hexagon_1mm.uasset" 404
"../../../Engine/Plugins/Animation/ControlRig/Content/Controls/ControlRig_Hexagon_1mm.uexp" 405
"../../../Engine/Plugins/Animation/ControlRig/Content/Controls/ControlRig_HalfCircle_solid.ubulk" 406
"../../../Engine/Plugins/Animation/ControlRig/Content/Controls/ControlRig_HalfCircle_solid.uasset" 407
"../../../Engine/Plugins/Animation/ControlRig/Content/Controls/ControlRig_HalfCircle_solid.uexp" 408
"../../../Engine/Plugins/Animation/ControlRig/Content/Controls/ControlRig_HalfCircle_3mm.ubulk" 409
"../../../Engine/Plugins/Animation/ControlRig/Content/Controls/ControlRig_HalfCircle_3mm.uasset" 410
"../../../Engine/Plugins/Animation/ControlRig/Content/Controls/ControlRig_HalfCircle_3mm.uexp" 411
"../../../Engine/Plugins/Animation/ControlRig/Content/Controls/ControlRig_HalfCircle_1mm.ubulk" 412
"../../../Engine/Plugins/Animation/ControlRig/Content/Controls/ControlRig_HalfCircle_1mm.uasset" 413
"../../../Engine/Plugins/Animation/ControlRig/Content/Controls/ControlRig_HalfCircle_1mm.uexp" 414
"../../../Engine/Plugins/Animation/ControlRig/Content/Controls/ControlRig_Diamond_solid.ubulk" 415
"../../../Engine/Plugins/Animation/ControlRig/Content/Controls/ControlRig_Diamond_solid.uasset" 416
"../../../Engine/Plugins/Animation/ControlRig/Content/Controls/ControlRig_Diamond_solid.uexp" 417
"../../../Engine/Plugins/Animation/ControlRig/Content/Controls/ControlRig_Diamond_3mm.ubulk" 418
"../../../Engine/Plugins/Animation/ControlRig/Content/Controls/ControlRig_Diamond_3mm.uasset" 419
"../../../Engine/Plugins/Animation/ControlRig/Content/Controls/ControlRig_Diamond_3mm.uexp" 420
"../../../Engine/Plugins/Animation/ControlRig/Content/Controls/ControlRig_Diamond_1mm.ubulk" 421
"../../../Engine/Plugins/Animation/ControlRig/Content/Controls/ControlRig_Diamond_1mm.uasset" 422
"../../../Engine/Plugins/Animation/ControlRig/Content/Controls/ControlRig_Diamond_1mm.uexp" 423
"../../../Engine/Plugins/Animation/ControlRig/Content/Controls/ControlRig_Circle_solid.ubulk" 424
"../../../Engine/Plugins/Animation/ControlRig/Content/Controls/ControlRig_Circle_solid.uasset" 425
"../../../Engine/Plugins/Animation/ControlRig/Content/Controls/ControlRig_Circle_solid.uexp" 426
"../../../Engine/Plugins/Animation/ControlRig/Content/Controls/ControlRig_Circle_3mm.ubulk" 427
"../../../Engine/Plugins/Animation/ControlRig/Content/Controls/ControlRig_Circle_3mm.uasset" 428
"../../../Engine/Plugins/Animation/ControlRig/Content/Controls/ControlRig_Circle_3mm.uexp" 429
"../../../Engine/Plugins/Animation/ControlRig/Content/Controls/ControlRig_Circle_1mm.ubulk" 430
"../../../Engine/Plugins/Animation/ControlRig/Content/Controls/ControlRig_Circle_1mm.uasset" 431
"../../../Engine/Plugins/Animation/ControlRig/Content/Controls/ControlRig_Circle_1mm.uexp" 432
"../../../Engine/Plugins/Animation/ControlRig/Content/Controls/ControlRig_Box_solid.ubulk" 433
"../../../Engine/Plugins/Animation/ControlRig/Content/Controls/ControlRig_Box_solid.uasset" 434
"../../../Engine/Plugins/Animation/ControlRig/Content/Controls/ControlRig_Box_solid.uexp" 435
"../../../Engine/Plugins/Animation/ControlRig/Content/Controls/ControlRig_Box_3mm.ubulk" 436
"../../../Engine/Plugins/Animation/ControlRig/Content/Controls/ControlRig_Box_3mm.uasset" 437
"../../../Engine/Plugins/Animation/ControlRig/Content/Controls/ControlRig_Box_3mm.uexp" 438
"../../../Engine/Plugins/Animation/ControlRig/Content/Controls/ControlRig_Box_1mm.ubulk" 439
"../../../Engine/Plugins/Animation/ControlRig/Content/Controls/ControlRig_Box_1mm.uasset" 440
"../../../Engine/Plugins/Animation/ControlRig/Content/Controls/ControlRig_Box_1mm.uexp" 441
"../../../Engine/Plugins/Animation/ControlRig/Content/Controls/ControlRig_Arrow_solid.ubulk" 442
"../../../Engine/Plugins/Animation/ControlRig/Content/Controls/ControlRig_Arrow_solid.uasset" 443
"../../../Engine/Plugins/Animation/ControlRig/Content/Controls/ControlRig_Arrow_solid.uexp" 444
"../../../Engine/Plugins/Animation/ControlRig/Content/Controls/ControlRig_Arrow_3mm.ubulk" 445
"../../../Engine/Plugins/Animation/ControlRig/Content/Controls/ControlRig_Arrow_3mm.uasset" 446
"../../../Engine/Plugins/Animation/ControlRig/Content/Controls/ControlRig_Arrow_3mm.uexp" 447
"../../../Engine/Plugins/Animation/ControlRig/Content/Controls/ControlRig_Arrow_1mm.ubulk" 448
"../../../Engine/Plugins/Animation/ControlRig/Content/Controls/ControlRig_Arrow_1mm.uasset" 449
"../../../Engine/Plugins/Animation/ControlRig/Content/Controls/ControlRig_Arrow_1mm.uexp" 450
"../../../Engine/Plugins/Animation/ControlRig/Content/Controls/ControlRig_Arrow4_solid.ubulk" 451
"../../../Engine/Plugins/Animation/ControlRig/Content/Controls/ControlRig_Arrow4_solid.uasset" 452
"../../../Engine/Plugins/Animation/ControlRig/Content/Controls/ControlRig_Arrow4_solid.uexp" 453
"../../../Engine/Plugins/Animation/ControlRig/Content/Controls/ControlRig_Arrow4_3mm.ubulk" 454
"../../../Engine/Plugins/Animation/ControlRig/Content/Controls/ControlRig_Arrow4_3mm.uasset" 455
"../../../Engine/Plugins/Animation/ControlRig/Content/Controls/ControlRig_Arrow4_3mm.uexp" 456
"../../../Engine/Plugins/Animation/ControlRig/Content/Controls/ControlRig_Arrow4_1mm.ubulk" 457
"../../../Engine/Plugins/Animation/ControlRig/Content/Controls/ControlRig_Arrow4_1mm.uasset" 458
"../../../Engine/Plugins/Animation/ControlRig/Content/Controls/ControlRig_Arrow4_1mm.uexp" 459
"../../../Engine/Plugins/Animation/ControlRig/Content/Controls/ControlRig_Arrow2_solid.ubulk" 460
"../../../Engine/Plugins/Animation/ControlRig/Content/Controls/ControlRig_Arrow2_solid.uasset" 461
"../../../Engine/Plugins/Animation/ControlRig/Content/Controls/ControlRig_Arrow2_solid.uexp" 462
"../../../Engine/Plugins/Animation/ControlRig/Content/Controls/ControlRig_Arrow2_3mm.ubulk" 463
"../../../Engine/Plugins/Animation/ControlRig/Content/Controls/ControlRig_Arrow2_3mm.uasset" 464
"../../../Engine/Plugins/Animation/ControlRig/Content/Controls/ControlRig_Arrow2_3mm.uexp" 465
"../../../Engine/Plugins/Animation/ControlRig/Content/Controls/ControlRig_Arrow2_1mm.ubulk" 466
"../../../Engine/Plugins/Animation/ControlRig/Content/Controls/ControlRig_Arrow2_1mm.uasset" 467
"../../../Engine/Plugins/Animation/ControlRig/Content/Controls/ControlRig_Arrow2_1mm.uexp" 468
"../../../Engine/Plugins/Animation/ControlRig/Content/Controls/ControlRigXRayMaterial.uasset" 469
"../../../Engine/Plugins/Animation/ControlRig/Content/Controls/ControlRigXRayMaterial.uexp" 470
"../../../Engine/Plugins/Animation/ControlRig/Content/Controls/ControlRigGizmoMaterial.uasset" 471
"../../../Engine/Plugins/Animation/ControlRig/Content/Controls/ControlRigGizmoMaterial.uexp" 472
"../../../Engine/Content/TemplateResources/M_Template_Master.uasset" 473
"../../../Engine/Content/TemplateResources/M_Template_Master.uexp" 474
"../../../Engine/Content/TemplateResources/MI_Template_BaseGray_Metal.uasset" 475
"../../../Engine/Content/TemplateResources/MI_Template_BaseGray_Metal.uexp" 476
"../../../Engine/Content/EngineResources/WhiteSquareTexture.uasset" 477
"../../../Engine/Content/EngineResources/WhiteSquareTexture.uexp" 478
"../../../Engine/Content/EngineMaterials/Widget3DPassThrough.uasset" 479
"../../../Engine/Content/EngineMaterials/Widget3DPassThrough.uexp" 480
"../../../Engine/Content/EngineMaterials/Widget3DPassThrough_Translucent.uasset" 481
"../../../Engine/Content/EngineMaterials/Widget3DPassThrough_Translucent.uexp" 482
"../../../Engine/Content/EngineMaterials/Widget3DPassThrough_Translucent_OneSided.uasset" 483
"../../../Engine/Content/EngineMaterials/Widget3DPassThrough_Translucent_OneSided.uexp" 484
"../../../Engine/Content/EngineMaterials/Widget3DPassThrough_Opaque.uasset" 485
"../../../Engine/Content/EngineMaterials/Widget3DPassThrough_Opaque.uexp" 486
"../../../Engine/Content/EngineMaterials/Widget3DPassThrough_Opaque_OneSided.uasset" 487
"../../../Engine/Content/EngineMaterials/Widget3DPassThrough_Opaque_OneSided.uexp" 488
"../../../Engine/Content/EngineMaterials/Widget3DPassThrough_Masked_OneSided.uasset" 489
"../../../Engine/Content/EngineMaterials/Widget3DPassThrough_Masked_OneSided.uexp" 490
"../../../Engine/Content/EngineMaterials/Widget3DPassThrough_Masked.uasset" 491
"../../../Engine/Content/EngineMaterials/Widget3DPassThrough_Masked.uexp" 492
"../../../Engine/Content/EngineMaterials/STBlueNoise_vec2_128x128x64.uasset" 493
"../../../Engine/Content/EngineMaterials/STBlueNoise_vec2_128x128x64.uexp" 494
"../../../Engine/Content/EngineMaterials/STBlueNoise_scalar_128x128x64.uasset" 495
"../../../Engine/Content/EngineMaterials/STBlueNoise_scalar_128x128x64.uexp" 496
"../../../Engine/Content/EngineMaterials/RemoveSurfaceMaterial.uasset" 497
"../../../Engine/Content/EngineMaterials/RemoveSurfaceMaterial.uexp" 498
"../../../Engine/Content/EngineMaterials/DefaultCalibrationGrayscale.uasset" 499
"../../../Engine/Content/EngineMaterials/DefaultCalibrationGrayscale.uexp" 500
"../../../Engine/Content/EngineMaterials/PPM_DefaultCalibrationGrayscale.uasset" 501
"../../../Engine/Content/EngineMaterials/PPM_DefaultCalibrationGrayscale.uexp" 502
"../../../Engine/Content/EngineMaterials/DefaultCalibrationColor.uasset" 503
"../../../Engine/Content/EngineMaterials/DefaultCalibrationColor.uexp" 504
"../../../Engine/Content/EngineMaterials/PPM_DefaultCalibrationColor.uasset" 505
"../../../Engine/Content/EngineMaterials/PPM_DefaultCalibrationColor.uexp" 506
"../../../Engine/Content/EngineMaterials/PhAT_JointLimitMaterial.uasset" 507
"../../../Engine/Content/EngineMaterials/PhAT_JointLimitMaterial.uexp" 508
"../../../Engine/Content/EngineMaterials/NaniteHiddenSectionMaterial.uasset" 509
"../../../Engine/Content/EngineMaterials/NaniteHiddenSectionMaterial.uexp" 510
"../../../Engine/Content/EngineMaterials/InvalidLightmapSettings.ubulk" 511
"../../../Engine/Content/EngineMaterials/InvalidLightmapSettings.uasset" 512
"../../../Engine/Content/EngineMaterials/InvalidLightmapSettings.uexp" 513
"../../../Engine/Content/EngineMaterials/M_InvalidLightmapSettings.uasset" 514
"../../../Engine/Content/EngineMaterials/M_InvalidLightmapSettings.uexp" 515
"../../../Engine/Content/EngineMaterials/GizmoMaterial.uasset" 516
"../../../Engine/Content/EngineMaterials/GizmoMaterial.uexp" 517
"../../../Engine/Content/EngineMaterials/BaseFlattenEmissiveMap_VT.uasset" 518
"../../../Engine/Content/EngineMaterials/BaseFlattenEmissiveMap_VT.uexp" 519
"../../../Engine/Content/EngineMaterials/BaseFlattenGrayscaleMap_VT.uasset" 520
"../../../Engine/Content/EngineMaterials/BaseFlattenGrayscaleMap_VT.uexp" 521
"../../../Engine/Content/EngineMaterials/BaseFlattenLinearColor_VT.uasset" 522
"../../../Engine/Content/EngineMaterials/BaseFlattenLinearColor_VT.uexp" 523
"../../../Engine/Content/EngineMaterials/Black_1x1_EXR_Texture_VT.uasset" 524
"../../../Engine/Content/EngineMaterials/Black_1x1_EXR_Texture_VT.uexp" 525
"../../../Engine/Content/EngineMaterials/BaseFlattenDiffuseMap_VT.uasset" 526
"../../../Engine/Content/EngineMaterials/BaseFlattenDiffuseMap_VT.uexp" 527
"../../../Engine/Content/EngineMaterials/BaseFlattenNormalMap_VT.uasset" 528
"../../../Engine/Content/EngineMaterials/BaseFlattenNormalMap_VT.uexp" 529
"../../../Engine/Content/EngineMaterials/FlattenMaterial_WS_Normal_VT.uasset" 530
"../../../Engine/Content/EngineMaterials/FlattenMaterial_WS_Normal_VT.uexp" 531
"../../../Engine/Content/EngineMaterials/FlattenMaterial_VT.uasset" 532
"../../../Engine/Content/EngineMaterials/FlattenMaterial_VT.uexp" 533
"../../../Engine/Content/EngineMaterials/BaseFlattenNormalMap.uasset" 534
"../../../Engine/Content/EngineMaterials/BaseFlattenNormalMap.uexp" 535
"../../../Engine/Content/EngineMaterials/BaseFlattenGrayscaleMap.uasset" 536
"../../../Engine/Content/EngineMaterials/BaseFlattenGrayscaleMap.uexp" 537
"../../../Engine/Content/EngineMaterials/BaseFlattenDiffuseMap.uasset" 538
"../../../Engine/Content/EngineMaterials/BaseFlattenDiffuseMap.uexp" 539
"../../../Engine/Content/Functions/Engine_MaterialFunctions02/PivotPainter2/Black_1x1_EXR_Texture.uasset" 540
"../../../Engine/Content/Functions/Engine_MaterialFunctions02/PivotPainter2/Black_1x1_EXR_Texture.uexp" 541
"../../../Engine/Content/EngineMaterials/BaseFlattenEmissiveMap.uasset" 542
"../../../Engine/Content/EngineMaterials/BaseFlattenEmissiveMap.uexp" 543
"../../../Engine/Content/EngineMaterials/BaseFlattenLinearColor.uasset" 544
"../../../Engine/Content/EngineMaterials/BaseFlattenLinearColor.uexp" 545
"../../../Engine/Content/EngineMaterials/FlattenMaterial.uasset" 546
"../../../Engine/Content/EngineMaterials/FlattenMaterial.uexp" 547
"../../../Engine/Content/EngineMaterials/DefaultWhiteGrid_Low.uasset" 548
"../../../Engine/Content/EngineMaterials/DefaultWhiteGrid_Low.uexp" 549
"../../../Engine/Content/EngineMaterials/EmissiveMeshMaterial.uasset" 550
"../../../Engine/Content/EngineMaterials/EmissiveMeshMaterial.uexp" 551
"../../../Engine/Content/EngineFonts/RobotoDistanceField.uasset" 552
"../../../Engine/Content/EngineFonts/RobotoDistanceField.uexp" 553
"../../../Engine/Content/EngineMaterials/DefaultTextMaterialOpaque.uasset" 554
"../../../Engine/Content/EngineMaterials/DefaultTextMaterialOpaque.uexp" 555
"../../../Engine/Content/EngineMaterials/DefaultDiffuse.ubulk" 556
"../../../Engine/Content/EngineMaterials/DefaultDiffuse.uasset" 557
"../../../Engine/Content/EngineMaterials/DefaultDiffuse.uexp" 558
"../../../Engine/Content/Functions/Engine_MaterialFunctions02/Utility/BreakOutFloat2Components.uasset" 559
"../../../Engine/Content/Functions/Engine_MaterialFunctions02/Utility/BreakOutFloat2Components.uexp" 560
"../../../Engine/Content/EngineMaterials/DefaultPostProcessMaterial.uasset" 561
"../../../Engine/Content/EngineMaterials/DefaultPostProcessMaterial.uexp" 562
"../../../Engine/Content/EngineMaterials/DefaultPhysicalMaterial.uasset" 563
"../../../Engine/Content/EngineMaterials/DefaultPhysicalMaterial.uexp" 564
"../../../Engine/Content/EngineMaterials/DefaultLightFunctionMaterial.uasset" 565
"../../../Engine/Content/EngineMaterials/DefaultLightFunctionMaterial.uexp" 566
"../../../Engine/Content/EngineMaterials/DefaultDestructiblePhysicalMaterial.uasset" 567
"../../../Engine/Content/EngineMaterials/DefaultDestructiblePhysicalMaterial.uexp" 568
"../../../Engine/Content/EngineMaterials/DefaultDeferredDecalMaterial.uasset" 569
"../../../Engine/Content/EngineMaterials/DefaultDeferredDecalMaterial.uexp" 570
"../../../Engine/Content/EngineMaterials/DefaultBloomKernel.uasset" 571
"../../../Engine/Content/EngineMaterials/DefaultBloomKernel.uexp" 572
"../../../Engine/Content/Functions/Engine_MaterialFunctions02/Utility/CameraDirectionVector.uasset" 573
"../../../Engine/Content/Functions/Engine_MaterialFunctions02/Utility/CameraDirectionVector.uexp" 574
"../../../Engine/Content/EngineDebugMaterials/VolumeToRender.uasset" 575
"../../../Engine/Content/EngineDebugMaterials/VolumeToRender.uexp" 576
"../../../Engine/Content/EngineDebugMaterials/M_VolumeRenderSphereTracePP.uasset" 577
"../../../Engine/Content/EngineDebugMaterials/M_VolumeRenderSphereTracePP.uexp" 578
"../../../Engine/Content/EngineDebugMaterials/M_SimpleUnlitTranslucent.uasset" 579
"../../../Engine/Content/EngineDebugMaterials/M_SimpleUnlitTranslucent.uexp" 580
"../../../Engine/Content/EngineDebugMaterials/DebugMeshMaterial.uasset" 581
"../../../Engine/Content/EngineDebugMaterials/DebugMeshMaterial.uexp" 582
"../../../Engine/Content/EngineDebugMaterials/DebugEditorMaterial.uasset" 583
"../../../Engine/Content/EngineDebugMaterials/DebugEditorMaterial.uexp" 584
"../../../Engine/Content/EngineDamageTypes/DmgTypeBP_Environmental.uasset" 585
"../../../Engine/Content/EngineDamageTypes/DmgTypeBP_Environmental.uexp" 586
"../../../Engine/Content/EditorResources/S_Terrain.ubulk" 587
"../../../Engine/Content/EditorResources/S_Terrain.uasset" 588
"../../../Engine/Content/EditorResources/S_Terrain.uexp" 589
"../../../Engine/Content/EditorResources/EmptyActor.uasset" 590
"../../../Engine/Content/EditorResources/EmptyActor.uexp" 591
"../../../Engine/Content/EditorResources/BSPVertex.uasset" 592
"../../../Engine/Content/EditorResources/BSPVertex.uexp" 593
"../../../Engine/Content/EditorLandscapeResources/DefaultAlphaTexture.uasset" 594
"../../../Engine/Content/EditorLandscapeResources/DefaultAlphaTexture.uexp" 595
"../../../Engine/Content/EditorLandscapeResources/DataLayer.uasset" 596
"../../../Engine/Content/EditorLandscapeResources/DataLayer.uexp" 597
"../../../Engine/Content/EditorResources/SequenceRecorder/RecordingIndicator.uasset" 598
"../../../Engine/Content/EditorResources/SequenceRecorder/RecordingIndicator.uexp" 599
"../../../Engine/Content/EditorResources/SequenceRecorder/Countdown.uasset" 600
"../../../Engine/Content/EditorResources/SequenceRecorder/Countdown.uexp" 601
"../../../Engine/Content/EditorResources/LightIcons/S_LightError.uasset" 602
"../../../Engine/Content/EditorResources/LightIcons/S_LightError.uexp" 603
"C:/Users/ajton/Perforce/u1247739_BeefComputer_7811/EAE3710-2023Summer-RedHerring/Content/Objects/Meshes/Trash_Can_Tube001.ubulk" 604
"C:/Users/ajton/Perforce/u1247739_BeefComputer_7811/EAE3710-2023Summer-RedHerring/Content/Objects/Meshes/Trash_Can_Tube001.uasset" 605
"C:/Users/ajton/Perforce/u1247739_BeefComputer_7811/EAE3710-2023Summer-RedHerring/Content/Objects/Meshes/Trash_Can_Tube001.uexp" 606
"C:/Users/ajton/Perforce/u1247739_BeefComputer_7811/EAE3710-2023Summer-RedHerring/Content/Objects/Meshes/Trash_Can_Cylinder001.ubulk" 607
"C:/Users/ajton/Perforce/u1247739_BeefComputer_7811/EAE3710-2023Summer-RedHerring/Content/Objects/Meshes/Trash_Can_Cylinder001.uasset" 608
"C:/Users/ajton/Perforce/u1247739_BeefComputer_7811/EAE3710-2023Summer-RedHerring/Content/Objects/Meshes/Trash_Can_Cylinder001.uexp" 609
"C:/Users/ajton/Perforce/u1247739_BeefComputer_7811/EAE3710-2023Summer-RedHerring/Content/Objects/Meshes/Trash_Can.uasset" 610
"C:/Users/ajton/Perforce/u1247739_BeefComputer_7811/EAE3710-2023Summer-RedHerring/Content/Objects/Meshes/Trash_Can.uexp" 611
"C:/Users/ajton/Perforce/u1247739_BeefComputer_7811/EAE3710-2023Summer-RedHerring/Content/Objects/Meshes/Stool.ubulk" 612
"C:/Users/ajton/Perforce/u1247739_BeefComputer_7811/EAE3710-2023Summer-RedHerring/Content/Objects/Meshes/Stool.uasset" 613
"C:/Users/ajton/Perforce/u1247739_BeefComputer_7811/EAE3710-2023Summer-RedHerring/Content/Objects/Meshes/Stool.uexp" 614
"C:/Users/ajton/Perforce/u1247739_BeefComputer_7811/EAE3710-2023Summer-RedHerring/Content/Objects/Meshes/Letter.ubulk" 615
"C:/Users/ajton/Perforce/u1247739_BeefComputer_7811/EAE3710-2023Summer-RedHerring/Content/Objects/Meshes/Letter.uasset" 616
"C:/Users/ajton/Perforce/u1247739_BeefComputer_7811/EAE3710-2023Summer-RedHerring/Content/Objects/Meshes/Letter.uexp" 617
"C:/Users/ajton/Perforce/u1247739_BeefComputer_7811/EAE3710-2023Summer-RedHerring/Content/Objects/Meshes/Lemonade_Stand.ubulk" 618
"C:/Users/ajton/Perforce/u1247739_BeefComputer_7811/EAE3710-2023Summer-RedHerring/Content/Objects/Meshes/Lemonade_Stand.uasset" 619
"C:/Users/ajton/Perforce/u1247739_BeefComputer_7811/EAE3710-2023Summer-RedHerring/Content/Objects/Meshes/Lemonade_Stand.uexp" 620
"C:/Users/ajton/Perforce/u1247739_BeefComputer_7811/EAE3710-2023Summer-RedHerring/Content/Objects/Meshes/FishHook.ubulk" 621
"C:/Users/ajton/Perforce/u1247739_BeefComputer_7811/EAE3710-2023Summer-RedHerring/Content/Objects/Meshes/FishHook.uasset" 622
"C:/Users/ajton/Perforce/u1247739_BeefComputer_7811/EAE3710-2023Summer-RedHerring/Content/Objects/Meshes/FishHook.uexp" 623
"C:/Users/ajton/Perforce/u1247739_BeefComputer_7811/EAE3710-2023Summer-RedHerring/Content/Objects/Meshes/Cup.ubulk" 624
"C:/Users/ajton/Perforce/u1247739_BeefComputer_7811/EAE3710-2023Summer-RedHerring/Content/Objects/Meshes/Cup.uasset" 625
"C:/Users/ajton/Perforce/u1247739_BeefComputer_7811/EAE3710-2023Summer-RedHerring/Content/Objects/Meshes/Cup.uexp" 626
"C:/Users/ajton/Perforce/u1247739_BeefComputer_7811/EAE3710-2023Summer-RedHerring/Content/Objects/materials/NewMaterial3.uasset" 627
"C:/Users/ajton/Perforce/u1247739_BeefComputer_7811/EAE3710-2023Summer-RedHerring/Content/Objects/materials/NewMaterial3.uexp" 628
"C:/Users/ajton/Perforce/u1247739_BeefComputer_7811/EAE3710-2023Summer-RedHerring/Content/Objects/materials/NewMaterial2.uasset" 629
"C:/Users/ajton/Perforce/u1247739_BeefComputer_7811/EAE3710-2023Summer-RedHerring/Content/Objects/materials/NewMaterial2.uexp" 630
"../../../Engine/Content/Functions/Engine_MaterialFunctions01/WorldPositionOffset/FoliageScaleFactor.uasset" 631
"../../../Engine/Content/Functions/Engine_MaterialFunctions01/WorldPositionOffset/FoliageScaleFactor.uexp" 632
"../../../Engine/Content/Functions/Engine_MaterialFunctions01/Lighting/PixelDepthOffset_Foliage.uasset" 633
"../../../Engine/Content/Functions/Engine_MaterialFunctions01/Lighting/PixelDepthOffset_Foliage.uexp" 634
"C:/Users/ajton/Perforce/u1247739_BeefComputer_7811/EAE3710-2023Summer-RedHerring/Content/Objects/materials/NewMaterial1.uasset" 635
"C:/Users/ajton/Perforce/u1247739_BeefComputer_7811/EAE3710-2023Summer-RedHerring/Content/Objects/materials/NewMaterial1.uexp" 636
"C:/Users/ajton/Perforce/u1247739_BeefComputer_7811/EAE3710-2023Summer-RedHerring/Content/Objects/materials/NewMaterial.uasset" 637
"C:/Users/ajton/Perforce/u1247739_BeefComputer_7811/EAE3710-2023Summer-RedHerring/Content/Objects/materials/NewMaterial.uexp" 638
"C:/Users/ajton/Perforce/u1247739_BeefComputer_7811/EAE3710-2023Summer-RedHerring/Content/LevelPrototyping/Textures/T_GridChecker_A.ubulk" 639
"C:/Users/ajton/Perforce/u1247739_BeefComputer_7811/EAE3710-2023Summer-RedHerring/Content/LevelPrototyping/Textures/T_GridChecker_A.uasset" 640
"C:/Users/ajton/Perforce/u1247739_BeefComputer_7811/EAE3710-2023Summer-RedHerring/Content/LevelPrototyping/Textures/T_GridChecker_A.uexp" 641
"../../../Engine/Content/Functions/Engine_MaterialFunctions02/Utility/MakeFloat3.uasset" 642
"../../../Engine/Content/Functions/Engine_MaterialFunctions02/Utility/MakeFloat3.uexp" 643
"../../../Engine/Content/Functions/Engine_MaterialFunctions01/Gradient/LinearGradient.uasset" 644
"../../../Engine/Content/Functions/Engine_MaterialFunctions01/Gradient/LinearGradient.uexp" 645
"../../../Engine/Content/Functions/Engine_MaterialFunctions01/ImageAdjustment/CheapContrast.uasset" 646
"../../../Engine/Content/Functions/Engine_MaterialFunctions01/ImageAdjustment/CheapContrast.uexp" 647
"C:/Users/ajton/Perforce/u1247739_BeefComputer_7811/EAE3710-2023Summer-RedHerring/Content/LevelPrototyping/Materials/MF_ProcGrid.uasset" 648
"C:/Users/ajton/Perforce/u1247739_BeefComputer_7811/EAE3710-2023Summer-RedHerring/Content/LevelPrototyping/Materials/MF_ProcGrid.uexp" 649
"C:/Users/ajton/Perforce/u1247739_BeefComputer_7811/EAE3710-2023Summer-RedHerring/Content/LevelPrototyping/Materials/M_PrototypeGrid.uasset" 650
"C:/Users/ajton/Perforce/u1247739_BeefComputer_7811/EAE3710-2023Summer-RedHerring/Content/LevelPrototyping/Materials/M_PrototypeGrid.uexp" 651
"C:/Users/ajton/Perforce/u1247739_BeefComputer_7811/EAE3710-2023Summer-RedHerring/Content/LevelPrototyping/Materials/MI_PrototypeGrid_Gray.uasset" 652
"C:/Users/ajton/Perforce/u1247739_BeefComputer_7811/EAE3710-2023Summer-RedHerring/Content/LevelPrototyping/Materials/MI_PrototypeGrid_Gray.uexp" 653
"C:/Users/ajton/Perforce/u1247739_BeefComputer_7811/EAE3710-2023Summer-RedHerring/Content/LevelPrototyping/Meshes/SM_Ramp.ubulk" 654
"C:/Users/ajton/Perforce/u1247739_BeefComputer_7811/EAE3710-2023Summer-RedHerring/Content/LevelPrototyping/Meshes/SM_Ramp.uasset" 655
"C:/Users/ajton/Perforce/u1247739_BeefComputer_7811/EAE3710-2023Summer-RedHerring/Content/LevelPrototyping/Meshes/SM_Ramp.uexp" 656
"C:/Users/ajton/Perforce/u1247739_BeefComputer_7811/EAE3710-2023Summer-RedHerring/Content/LevelPrototyping/Meshes/SM_QuarterCylinder.ubulk" 657
"C:/Users/ajton/Perforce/u1247739_BeefComputer_7811/EAE3710-2023Summer-RedHerring/Content/LevelPrototyping/Meshes/SM_QuarterCylinder.uasset" 658
"C:/Users/ajton/Perforce/u1247739_BeefComputer_7811/EAE3710-2023Summer-RedHerring/Content/LevelPrototyping/Meshes/SM_QuarterCylinder.uexp" 659
"C:/Users/ajton/Perforce/u1247739_BeefComputer_7811/EAE3710-2023Summer-RedHerring/Content/LevelPrototyping/Meshes/SM_Cylinder.ubulk" 660
"C:/Users/ajton/Perforce/u1247739_BeefComputer_7811/EAE3710-2023Summer-RedHerring/Content/LevelPrototyping/Meshes/SM_Cylinder.uasset" 661
"C:/Users/ajton/Perforce/u1247739_BeefComputer_7811/EAE3710-2023Summer-RedHerring/Content/LevelPrototyping/Meshes/SM_Cylinder.uexp" 662
"C:/Users/ajton/Perforce/u1247739_BeefComputer_7811/EAE3710-2023Summer-RedHerring/Content/LevelPrototyping/Meshes/SM_Cube.ubulk" 663
"C:/Users/ajton/Perforce/u1247739_BeefComputer_7811/EAE3710-2023Summer-RedHerring/Content/LevelPrototyping/Meshes/SM_Cube.uasset" 664
"C:/Users/ajton/Perforce/u1247739_BeefComputer_7811/EAE3710-2023Summer-RedHerring/Content/LevelPrototyping/Meshes/SM_Cube.uexp" 665
"C:/Users/ajton/Perforce/u1247739_BeefComputer_7811/EAE3710-2023Summer-RedHerring/Content/LevelPrototyping/Materials/M_Solid.uasset" 666
"C:/Users/ajton/Perforce/u1247739_BeefComputer_7811/EAE3710-2023Summer-RedHerring/Content/LevelPrototyping/Materials/M_Solid.uexp" 667
"C:/Users/ajton/Perforce/u1247739_BeefComputer_7811/EAE3710-2023Summer-RedHerring/Content/LevelPrototyping/Materials/MI_Solid_Blue.uasset" 668
"C:/Users/ajton/Perforce/u1247739_BeefComputer_7811/EAE3710-2023Summer-RedHerring/Content/LevelPrototyping/Materials/MI_Solid_Blue.uexp" 669
"C:/Users/ajton/Perforce/u1247739_BeefComputer_7811/EAE3710-2023Summer-RedHerring/Content/LevelPrototyping/Meshes/SM_ChamferCube.ubulk" 670
"C:/Users/ajton/Perforce/u1247739_BeefComputer_7811/EAE3710-2023Summer-RedHerring/Content/LevelPrototyping/Meshes/SM_ChamferCube.uasset" 671
"C:/Users/ajton/Perforce/u1247739_BeefComputer_7811/EAE3710-2023Summer-RedHerring/Content/LevelPrototyping/Meshes/SM_ChamferCube.uexp" 672
"C:/Users/ajton/Perforce/u1247739_BeefComputer_7811/EAE3710-2023Summer-RedHerring/Content/LevelPrototyping/Materials/MI_PrototypeGrid_TopDark.uasset" 673
"C:/Users/ajton/Perforce/u1247739_BeefComputer_7811/EAE3710-2023Summer-RedHerring/Content/LevelPrototyping/Materials/MI_PrototypeGrid_TopDark.uexp" 674
"C:/Users/ajton/Perforce/u1247739_BeefComputer_7811/EAE3710-2023Summer-RedHerring/Content/LevelPrototyping/Materials/MI_PrototypeGrid_Gray_02.uasset" 675
"C:/Users/ajton/Perforce/u1247739_BeefComputer_7811/EAE3710-2023Summer-RedHerring/Content/LevelPrototyping/Materials/MI_PrototypeGrid_Gray_02.uexp" 676
"C:/Users/ajton/Perforce/u1247739_BeefComputer_7811/EAE3710-2023Summer-RedHerring/Content/FPWeapon/Mesh/SK_FPGun_PhysicsAsset.uasset" 677
"C:/Users/ajton/Perforce/u1247739_BeefComputer_7811/EAE3710-2023Summer-RedHerring/Content/FPWeapon/Mesh/SK_FPGun_PhysicsAsset.uexp" 678
"../../../Engine/Content/Animation/DefaultAnimCurveCompressionSettings.uasset" 679
"../../../Engine/Content/Animation/DefaultAnimCurveCompressionSettings.uexp" 680
"../../../Engine/Content/Animation/DefaultRecorderBoneCompression.uasset" 681
"../../../Engine/Content/Animation/DefaultRecorderBoneCompression.uexp" 682
"C:/Users/ajton/Perforce/u1247739_BeefComputer_7811/EAE3710-2023Summer-RedHerring/Content/FirstPersonArms/Character/Mesh/SK_Mannequin_Arms_Skeleton.uasset" 683
"C:/Users/ajton/Perforce/u1247739_BeefComputer_7811/EAE3710-2023Summer-RedHerring/Content/FirstPersonArms/Character/Mesh/SK_Mannequin_Arms_Skeleton.uexp" 684
"C:/Users/ajton/Perforce/u1247739_BeefComputer_7811/EAE3710-2023Summer-RedHerring/Content/FirstPersonArms/Animations/FP_Walk_Fwd.uasset" 685
"C:/Users/ajton/Perforce/u1247739_BeefComputer_7811/EAE3710-2023Summer-RedHerring/Content/FirstPersonArms/Animations/FP_Walk_Fwd.uexp" 686
"C:/Users/ajton/Perforce/u1247739_BeefComputer_7811/EAE3710-2023Summer-RedHerring/Content/FirstPerson/Input/Actions/IA_Shoot.uasset" 687
"C:/Users/ajton/Perforce/u1247739_BeefComputer_7811/EAE3710-2023Summer-RedHerring/Content/FirstPerson/Input/Actions/IA_Shoot.uexp" 688
"C:/Users/ajton/Perforce/u1247739_BeefComputer_7811/EAE3710-2023Summer-RedHerring/Content/FirstPerson/Input/IMC_Weapons.uasset" 689
"C:/Users/ajton/Perforce/u1247739_BeefComputer_7811/EAE3710-2023Summer-RedHerring/Content/FirstPerson/Input/IMC_Weapons.uexp" 690
"C:/Users/ajton/Perforce/u1247739_BeefComputer_7811/EAE3710-2023Summer-RedHerring/Content/FPWeapon/Mesh/SK_FPGun_Skeleton.uasset" 691
"C:/Users/ajton/Perforce/u1247739_BeefComputer_7811/EAE3710-2023Summer-RedHerring/Content/FPWeapon/Mesh/SK_FPGun_Skeleton.uexp" 692
"C:/Users/ajton/Perforce/u1247739_BeefComputer_7811/EAE3710-2023Summer-RedHerring/Content/FPWeapon/Materials/MaterialLayers/T_ML_Rubber_Blue_01_D.ubulk" 693
"C:/Users/ajton/Perforce/u1247739_BeefComputer_7811/EAE3710-2023Summer-RedHerring/Content/FPWeapon/Materials/MaterialLayers/T_ML_Rubber_Blue_01_D.uasset" 694
"C:/Users/ajton/Perforce/u1247739_BeefComputer_7811/EAE3710-2023Summer-RedHerring/Content/FPWeapon/Materials/MaterialLayers/T_ML_Rubber_Blue_01_D.uexp" 695
"C:/Users/ajton/Perforce/u1247739_BeefComputer_7811/EAE3710-2023Summer-RedHerring/Content/FPWeapon/Textures/T_FPGun_N.ubulk" 696
"C:/Users/ajton/Perforce/u1247739_BeefComputer_7811/EAE3710-2023Summer-RedHerring/Content/FPWeapon/Textures/T_FPGun_N.uasset" 697
"C:/Users/ajton/Perforce/u1247739_BeefComputer_7811/EAE3710-2023Summer-RedHerring/Content/FPWeapon/Textures/T_FPGun_N.uexp" 698
"../../../Engine/Content/Functions/Engine_MaterialFunctions02/Utility/BlendAngleCorrectedNormals.uasset" 699
"../../../Engine/Content/Functions/Engine_MaterialFunctions02/Utility/BlendAngleCorrectedNormals.uexp" 700
"../../../Engine/Content/Functions/MaterialLayerFunctions/MatLayerBlend_NormalBlend.uasset" 701
"../../../Engine/Content/Functions/MaterialLayerFunctions/MatLayerBlend_NormalBlend.uexp" 702
"C:/Users/ajton/Perforce/u1247739_BeefComputer_7811/EAE3710-2023Summer-RedHerring/Content/FPWeapon/Materials/MaterialLayers/T_ML_Rubber_Blue_01_N.ubulk" 703
"C:/Users/ajton/Perforce/u1247739_BeefComputer_7811/EAE3710-2023Summer-RedHerring/Content/FPWeapon/Materials/MaterialLayers/T_ML_Rubber_Blue_01_N.uasset" 704
"C:/Users/ajton/Perforce/u1247739_BeefComputer_7811/EAE3710-2023Summer-RedHerring/Content/FPWeapon/Materials/MaterialLayers/T_ML_Rubber_Blue_01_N.uexp" 705
"C:/Users/ajton/Perforce/u1247739_BeefComputer_7811/EAE3710-2023Summer-RedHerring/Content/FPWeapon/Materials/MaterialLayers/ML_Screen.uasset" 706
"C:/Users/ajton/Perforce/u1247739_BeefComputer_7811/EAE3710-2023Summer-RedHerring/Content/FPWeapon/Materials/MaterialLayers/ML_Screen.uexp" 707
"C:/Users/ajton/Perforce/u1247739_BeefComputer_7811/EAE3710-2023Summer-RedHerring/Content/FPWeapon/Materials/MaterialLayers/T_ML_Aluminum01_N.ubulk" 708
"C:/Users/ajton/Perforce/u1247739_BeefComputer_7811/EAE3710-2023Summer-RedHerring/Content/FPWeapon/Materials/MaterialLayers/T_ML_Aluminum01_N.uasset" 709
"C:/Users/ajton/Perforce/u1247739_BeefComputer_7811/EAE3710-2023Summer-RedHerring/Content/FPWeapon/Materials/MaterialLayers/T_ML_Aluminum01_N.uexp" 710
"C:/Users/ajton/Perforce/u1247739_BeefComputer_7811/EAE3710-2023Summer-RedHerring/Content/FPWeapon/Materials/MaterialLayers/T_ML_Aluminum01.ubulk" 711
"C:/Users/ajton/Perforce/u1247739_BeefComputer_7811/EAE3710-2023Summer-RedHerring/Content/FPWeapon/Materials/MaterialLayers/T_ML_Aluminum01.uasset" 712
"C:/Users/ajton/Perforce/u1247739_BeefComputer_7811/EAE3710-2023Summer-RedHerring/Content/FPWeapon/Materials/MaterialLayers/T_ML_Aluminum01.uexp" 713
"C:/Users/ajton/Perforce/u1247739_BeefComputer_7811/EAE3710-2023Summer-RedHerring/Content/FPWeapon/Materials/MaterialLayers/ML_SoftMetal_UE4.uasset" 714
"C:/Users/ajton/Perforce/u1247739_BeefComputer_7811/EAE3710-2023Summer-RedHerring/Content/FPWeapon/Materials/MaterialLayers/ML_SoftMetal_UE4.uexp" 715
"../../../Engine/Content/Functions/MaterialLayerFunctions/MatLayerBlend_Simple.uasset" 716
"../../../Engine/Content/Functions/MaterialLayerFunctions/MatLayerBlend_Simple.uexp" 717
"C:/Users/ajton/Perforce/u1247739_BeefComputer_7811/EAE3710-2023Summer-RedHerring/Content/FPWeapon/Textures/T_FPGun_M.ubulk" 718
"C:/Users/ajton/Perforce/u1247739_BeefComputer_7811/EAE3710-2023Summer-RedHerring/Content/FPWeapon/Textures/T_FPGun_M.uasset" 719
"C:/Users/ajton/Perforce/u1247739_BeefComputer_7811/EAE3710-2023Summer-RedHerring/Content/FPWeapon/Textures/T_FPGun_M.uexp" 720
"C:/Users/ajton/Perforce/u1247739_BeefComputer_7811/EAE3710-2023Summer-RedHerring/Content/FPWeapon/Materials/MaterialLayers/ML_Plastic_Shiny_Beige.uasset" 721
"C:/Users/ajton/Perforce/u1247739_BeefComputer_7811/EAE3710-2023Summer-RedHerring/Content/FPWeapon/Materials/MaterialLayers/ML_Plastic_Shiny_Beige.uexp" 722
"C:/Users/ajton/Perforce/u1247739_BeefComputer_7811/EAE3710-2023Summer-RedHerring/Content/FPWeapon/Materials/MaterialLayers/ML_GlossyBlack_Latex_UE4.uasset" 723
"C:/Users/ajton/Perforce/u1247739_BeefComputer_7811/EAE3710-2023Summer-RedHerring/Content/FPWeapon/Materials/MaterialLayers/ML_GlossyBlack_Latex_UE4.uexp" 724
"C:/Users/ajton/Perforce/u1247739_BeefComputer_7811/EAE3710-2023Summer-RedHerring/Content/FPWeapon/Materials/M_FPGun.uasset" 725
"C:/Users/ajton/Perforce/u1247739_BeefComputer_7811/EAE3710-2023Summer-RedHerring/Content/FPWeapon/Materials/M_FPGun.uexp" 726
"C:/Users/ajton/Perforce/u1247739_BeefComputer_7811/EAE3710-2023Summer-RedHerring/Content/FPWeapon/Mesh/SK_FPGun_Physics.uasset" 727
"C:/Users/ajton/Perforce/u1247739_BeefComputer_7811/EAE3710-2023Summer-RedHerring/Content/FPWeapon/Mesh/SK_FPGun_Physics.uexp" 728
"C:/Users/ajton/Perforce/u1247739_BeefComputer_7811/EAE3710-2023Summer-RedHerring/Content/FPWeapon/Mesh/SK_FPGun.uasset" 729
"C:/Users/ajton/Perforce/u1247739_BeefComputer_7811/EAE3710-2023Summer-RedHerring/Content/FPWeapon/Mesh/SK_FPGun.uexp" 730
"C:/Users/ajton/Perforce/u1247739_BeefComputer_7811/EAE3710-2023Summer-RedHerring/Content/FPWeapon/Audio/FirstPersonTemplateWeaponFire02.ubulk" 731
"C:/Users/ajton/Perforce/u1247739_BeefComputer_7811/EAE3710-2023Summer-RedHerring/Content/FPWeapon/Audio/FirstPersonTemplateWeaponFire02.uasset" 732
"C:/Users/ajton/Perforce/u1247739_BeefComputer_7811/EAE3710-2023Summer-RedHerring/Content/FPWeapon/Audio/FirstPersonTemplateWeaponFire02.uexp" 733
"C:/Users/ajton/Perforce/u1247739_BeefComputer_7811/EAE3710-2023Summer-RedHerring/Content/FPWeapon/Materials/BaseMaterial.uasset" 734
"C:/Users/ajton/Perforce/u1247739_BeefComputer_7811/EAE3710-2023Summer-RedHerring/Content/FPWeapon/Materials/BaseMaterial.uexp" 735
"C:/Users/ajton/Perforce/u1247739_BeefComputer_7811/EAE3710-2023Summer-RedHerring/Content/FPWeapon/Materials/FirstPersonProjectileMaterial.uasset" 736
"C:/Users/ajton/Perforce/u1247739_BeefComputer_7811/EAE3710-2023Summer-RedHerring/Content/FPWeapon/Materials/FirstPersonProjectileMaterial.uexp" 737
"C:/Users/ajton/Perforce/u1247739_BeefComputer_7811/EAE3710-2023Summer-RedHerring/Content/FPWeapon/Mesh/FirstPersonProjectileMesh.ubulk" 738
"C:/Users/ajton/Perforce/u1247739_BeefComputer_7811/EAE3710-2023Summer-RedHerring/Content/FPWeapon/Mesh/FirstPersonProjectileMesh.uasset" 739
"C:/Users/ajton/Perforce/u1247739_BeefComputer_7811/EAE3710-2023Summer-RedHerring/Content/FPWeapon/Mesh/FirstPersonProjectileMesh.uexp" 740
"C:/Users/ajton/Perforce/u1247739_BeefComputer_7811/EAE3710-2023Summer-RedHerring/Content/FirstPerson/Blueprints/BP_FirstPersonProjectile.uasset" 741
"C:/Users/ajton/Perforce/u1247739_BeefComputer_7811/EAE3710-2023Summer-RedHerring/Content/FirstPerson/Blueprints/BP_FirstPersonProjectile.uexp" 742
"../../../Engine/Content/Animation/DefaultAnimBoneCompressionSettings.uasset" 743
"../../../Engine/Content/Animation/DefaultAnimBoneCompressionSettings.uexp" 744
"C:/Users/ajton/Perforce/u1247739_BeefComputer_7811/EAE3710-2023Summer-RedHerring/Content/FirstPersonArms/Animations/FP_Rifle_Fire.uasset" 745
"C:/Users/ajton/Perforce/u1247739_BeefComputer_7811/EAE3710-2023Summer-RedHerring/Content/FirstPersonArms/Animations/FP_Rifle_Fire.uexp" 746
"C:/Users/ajton/Perforce/u1247739_BeefComputer_7811/EAE3710-2023Summer-RedHerring/Content/FirstPersonArms/Animations/FP_Rifle_Shoot_Montage.uasset" 747
"C:/Users/ajton/Perforce/u1247739_BeefComputer_7811/EAE3710-2023Summer-RedHerring/Content/FirstPersonArms/Animations/FP_Rifle_Shoot_Montage.uexp" 748
"../../../Engine/Content/EditorBlueprintResources/StandardMacros.uasset" 749
"../../../Engine/Content/EditorBlueprintResources/StandardMacros.uexp" 750
"C:/Users/ajton/Perforce/u1247739_BeefComputer_7811/EAE3710-2023Summer-RedHerring/Content/UI/WB_InventoryImages.uasset" 751
"C:/Users/ajton/Perforce/u1247739_BeefComputer_7811/EAE3710-2023Summer-RedHerring/Content/UI/WB_InventoryImages.uexp" 752
"C:/Users/ajton/Perforce/u1247739_BeefComputer_7811/EAE3710-2023Summer-RedHerring/Content/UI/WB_Inventory.uasset" 753
"C:/Users/ajton/Perforce/u1247739_BeefComputer_7811/EAE3710-2023Summer-RedHerring/Content/UI/WB_Inventory.uexp" 754
"../../../Engine/Content/Tutorial/SubEditors/TutorialAssets/Character/TutorialTPP_Skeleton.uasset" 755
"../../../Engine/Content/Tutorial/SubEditors/TutorialAssets/Character/TutorialTPP_Skeleton.uexp" 756
"../../../Engine/Content/Tutorial/SubEditors/TutorialAssets/Character/TutorialTPP_Mat.uasset" 757
"../../../Engine/Content/Tutorial/SubEditors/TutorialAssets/Character/TutorialTPP_Mat.uexp" 758
"../../../Engine/Content/Tutorial/SubEditors/TutorialAssets/Character/TutorialTPP_PhysicsAsset.uasset" 759
"../../../Engine/Content/Tutorial/SubEditors/TutorialAssets/Character/TutorialTPP_PhysicsAsset.uexp" 760
"../../../Engine/Content/Tutorial/SubEditors/TutorialAssets/Character/TutorialTPP.uasset" 761
"../../../Engine/Content/Tutorial/SubEditors/TutorialAssets/Character/TutorialTPP.uexp" 762
"../../../Engine/Content/BasicShapes/Plane.ubulk" 763
"../../../Engine/Content/BasicShapes/Plane.uasset" 764
"../../../Engine/Content/BasicShapes/Plane.uexp" 765
"C:/Users/ajton/Perforce/u1247739_BeefComputer_7811/EAE3710-2023Summer-RedHerring/Content/Objects/materials/raymodel2.ubulk" 766
"C:/Users/ajton/Perforce/u1247739_BeefComputer_7811/EAE3710-2023Summer-RedHerring/Content/Objects/materials/raymodel2.uasset" 767
"C:/Users/ajton/Perforce/u1247739_BeefComputer_7811/EAE3710-2023Summer-RedHerring/Content/Objects/materials/raymodel2.uexp" 768
"C:/Users/ajton/Perforce/u1247739_BeefComputer_7811/EAE3710-2023Summer-RedHerring/Content/Objects/materials/raymodel2_Mat.uasset" 769
"C:/Users/ajton/Perforce/u1247739_BeefComputer_7811/EAE3710-2023Summer-RedHerring/Content/Objects/materials/raymodel2_Mat.uexp" 770
"C:/Users/ajton/Perforce/u1247739_BeefComputer_7811/EAE3710-2023Summer-RedHerring/Content/Blueprints/Interactables/TextHolders/BPI_Dialogue.uasset" 771
"C:/Users/ajton/Perforce/u1247739_BeefComputer_7811/EAE3710-2023Summer-RedHerring/Content/Blueprints/Interactables/TextHolders/BPI_Dialogue.uexp" 772
"C:/Users/ajton/Perforce/u1247739_BeefComputer_7811/EAE3710-2023Summer-RedHerring/Content/Blueprints/Interactables/TextHolders/BP_Ray.uasset" 773
"C:/Users/ajton/Perforce/u1247739_BeefComputer_7811/EAE3710-2023Summer-RedHerring/Content/Blueprints/Interactables/TextHolders/BP_Ray.uexp" 774
"C:/Users/ajton/Perforce/u1247739_BeefComputer_7811/EAE3710-2023Summer-RedHerring/Content/Objects/materials/angelmodel2.ubulk" 775
"C:/Users/ajton/Perforce/u1247739_BeefComputer_7811/EAE3710-2023Summer-RedHerring/Content/Objects/materials/angelmodel2.uasset" 776
"C:/Users/ajton/Perforce/u1247739_BeefComputer_7811/EAE3710-2023Summer-RedHerring/Content/Objects/materials/angelmodel2.uexp" 777
"C:/Users/ajton/Perforce/u1247739_BeefComputer_7811/EAE3710-2023Summer-RedHerring/Content/Objects/materials/angelCharacterModel.uasset" 778
"C:/Users/ajton/Perforce/u1247739_BeefComputer_7811/EAE3710-2023Summer-RedHerring/Content/Objects/materials/angelCharacterModel.uexp" 779
"C:/Users/ajton/Perforce/u1247739_BeefComputer_7811/EAE3710-2023Summer-RedHerring/Content/Blueprints/Interactables/TextHolders/BP_TextHolder_Parent_Branching.uasset" 780
"C:/Users/ajton/Perforce/u1247739_BeefComputer_7811/EAE3710-2023Summer-RedHerring/Content/Blueprints/Interactables/TextHolders/BP_TextHolder_Parent_Branching.uexp" 781
"C:/Users/ajton/Perforce/u1247739_BeefComputer_7811/EAE3710-2023Summer-RedHerring/Content/Blueprints/Interactables/TextHolders/BP_Angel.uasset" 782
"C:/Users/ajton/Perforce/u1247739_BeefComputer_7811/EAE3710-2023Summer-RedHerring/Content/Blueprints/Interactables/TextHolders/BP_Angel.uexp" 783
"C:/Users/ajton/Perforce/u1247739_BeefComputer_7811/EAE3710-2023Summer-RedHerring/Content/Objects/materials/macmodel.ubulk" 784
"C:/Users/ajton/Perforce/u1247739_BeefComputer_7811/EAE3710-2023Summer-RedHerring/Content/Objects/materials/macmodel.uasset" 785
"C:/Users/ajton/Perforce/u1247739_BeefComputer_7811/EAE3710-2023Summer-RedHerring/Content/Objects/materials/macmodel.uexp" 786
"C:/Users/ajton/Perforce/u1247739_BeefComputer_7811/EAE3710-2023Summer-RedHerring/Content/Objects/materials/macmodel_Mat.uasset" 787
"C:/Users/ajton/Perforce/u1247739_BeefComputer_7811/EAE3710-2023Summer-RedHerring/Content/Objects/materials/macmodel_Mat.uexp" 788
"C:/Users/ajton/Perforce/u1247739_BeefComputer_7811/EAE3710-2023Summer-RedHerring/Content/Blueprints/Interactables/TextHolders/BP_Mac.uasset" 789
"C:/Users/ajton/Perforce/u1247739_BeefComputer_7811/EAE3710-2023Summer-RedHerring/Content/Blueprints/Interactables/TextHolders/BP_Mac.uexp" 790
"C:/Users/ajton/Perforce/u1247739_BeefComputer_7811/EAE3710-2023Summer-RedHerring/Content/Blueprints/Interactables/TextHolders/BP_Test.uasset" 791
"C:/Users/ajton/Perforce/u1247739_BeefComputer_7811/EAE3710-2023Summer-RedHerring/Content/Blueprints/Interactables/TextHolders/BP_Test.uexp" 792
"../../../Engine/Content/EngineFonts/Faces/RobotoLight.uexp" 793
"../../../Engine/Content/EngineFonts/Faces/RobotoLight.uasset" 794
"../../../Engine/Content/EngineFonts/Faces/RobotoLight.ufont" 795
"../../../Engine/Content/EngineFonts/Faces/RobotoBold.uexp" 796
"../../../Engine/Content/EngineFonts/Faces/RobotoBold.uasset" 797
"../../../Engine/Content/EngineFonts/Faces/RobotoBold.ufont" 798
"../../../Engine/Content/EngineFonts/Faces/RobotoRegular.uexp" 799
"../../../Engine/Content/EngineFonts/Faces/RobotoRegular.uasset" 800
"../../../Engine/Content/EngineFonts/Faces/RobotoRegular.ufont" 801
"../../../Engine/Content/EngineFonts/Faces/DroidSansFallback.uexp" 802
"../../../Engine/Content/EngineFonts/Faces/DroidSansFallback.uasset" 803
"../../../Engine/Content/EngineFonts/Faces/DroidSansFallback.ufont" 804
"../../../Engine/Content/EngineFonts/Faces/RobotoItalic.uexp" 805
"../../../Engine/Content/EngineFonts/Faces/RobotoItalic.uasset" 806
"../../../Engine/Content/EngineFonts/Faces/RobotoItalic.ufont" 807
"../../../Engine/Content/EngineFonts/Faces/RobotoBoldItalic.uexp" 808
"../../../Engine/Content/EngineFonts/Faces/RobotoBoldItalic.uasset" 809
"../../../Engine/Content/EngineFonts/Faces/RobotoBoldItalic.ufont" 810
"../../../Engine/Content/EngineFonts/Roboto.uasset" 811
"../../../Engine/Content/EngineFonts/Roboto.uexp" 812
"C:/Users/ajton/Perforce/u1247739_BeefComputer_7811/EAE3710-2023Summer-RedHerring/Content/UI/DT_Fonts.uasset" 813
"C:/Users/ajton/Perforce/u1247739_BeefComputer_7811/EAE3710-2023Summer-RedHerring/Content/UI/DT_Fonts.uexp" 814
"C:/Users/ajton/Perforce/u1247739_BeefComputer_7811/EAE3710-2023Summer-RedHerring/Content/UI/WB_DisplayText.uasset" 815
"C:/Users/ajton/Perforce/u1247739_BeefComputer_7811/EAE3710-2023Summer-RedHerring/Content/UI/WB_DisplayText.uexp" 816
"C:/Users/ajton/Perforce/u1247739_BeefComputer_7811/EAE3710-2023Summer-RedHerring/Content/Blueprints/Interactables/TextHolders/BP_TextHolder_Parent.uasset" 817
"C:/Users/ajton/Perforce/u1247739_BeefComputer_7811/EAE3710-2023Summer-RedHerring/Content/Blueprints/Interactables/TextHolders/BP_TextHolder_Parent.uexp" 818
"C:/Users/ajton/Perforce/u1247739_BeefComputer_7811/EAE3710-2023Summer-RedHerring/Content/FirstPerson/Input/Actions/IA_Look.uasset" 819
"C:/Users/ajton/Perforce/u1247739_BeefComputer_7811/EAE3710-2023Summer-RedHerring/Content/FirstPerson/Input/Actions/IA_Look.uexp" 820
"C:/Users/ajton/Perforce/u1247739_BeefComputer_7811/EAE3710-2023Summer-RedHerring/Content/FirstPersonArms/Character/Materials/MaterialLayers/T_ML_Rubber_Blue_01_N.ubulk" 821
"C:/Users/ajton/Perforce/u1247739_BeefComputer_7811/EAE3710-2023Summer-RedHerring/Content/FirstPersonArms/Character/Materials/MaterialLayers/T_ML_Rubber_Blue_01_N.uasset" 822
"C:/Users/ajton/Perforce/u1247739_BeefComputer_7811/EAE3710-2023Summer-RedHerring/Content/FirstPersonArms/Character/Materials/MaterialLayers/T_ML_Rubber_Blue_01_N.uexp" 823
"C:/Users/ajton/Perforce/u1247739_BeefComputer_7811/EAE3710-2023Summer-RedHerring/Content/FirstPersonArms/Character/Materials/MaterialLayers/T_ML_Rubber_Blue_01_D.ubulk" 824
"C:/Users/ajton/Perforce/u1247739_BeefComputer_7811/EAE3710-2023Summer-RedHerring/Content/FirstPersonArms/Character/Materials/MaterialLayers/T_ML_Rubber_Blue_01_D.uasset" 825
"C:/Users/ajton/Perforce/u1247739_BeefComputer_7811/EAE3710-2023Summer-RedHerring/Content/FirstPersonArms/Character/Materials/MaterialLayers/T_ML_Rubber_Blue_01_D.uexp" 826
"C:/Users/ajton/Perforce/u1247739_BeefComputer_7811/EAE3710-2023Summer-RedHerring/Content/FirstPersonArms/Character/Materials/MaterialLayers/ML_GlossyBlack_Latex_UE4.uasset" 827
"C:/Users/ajton/Perforce/u1247739_BeefComputer_7811/EAE3710-2023Summer-RedHerring/Content/FirstPersonArms/Character/Materials/MaterialLayers/ML_GlossyBlack_Latex_UE4.uexp" 828
"C:/Users/ajton/Perforce/u1247739_BeefComputer_7811/EAE3710-2023Summer-RedHerring/Content/FirstPersonArms/Character/Textures/UE4_Mannequin_MAT_MASKA.ubulk" 829
"C:/Users/ajton/Perforce/u1247739_BeefComputer_7811/EAE3710-2023Summer-RedHerring/Content/FirstPersonArms/Character/Textures/UE4_Mannequin_MAT_MASKA.uasset" 830
"C:/Users/ajton/Perforce/u1247739_BeefComputer_7811/EAE3710-2023Summer-RedHerring/Content/FirstPersonArms/Character/Textures/UE4_Mannequin_MAT_MASKA.uexp" 831
"C:/Users/ajton/Perforce/u1247739_BeefComputer_7811/EAE3710-2023Summer-RedHerring/Content/FirstPersonArms/Character/Textures/UE4_LOGO_CARD.ubulk" 832
"C:/Users/ajton/Perforce/u1247739_BeefComputer_7811/EAE3710-2023Summer-RedHerring/Content/FirstPersonArms/Character/Textures/UE4_LOGO_CARD.uasset" 833
"C:/Users/ajton/Perforce/u1247739_BeefComputer_7811/EAE3710-2023Summer-RedHerring/Content/FirstPersonArms/Character/Textures/UE4_LOGO_CARD.uexp" 834
"C:/Users/ajton/Perforce/u1247739_BeefComputer_7811/EAE3710-2023Summer-RedHerring/Content/FirstPersonArms/Character/Materials/MaterialLayers/ML_Plastic_Shiny_Beige_LOGO.uasset" 835
"C:/Users/ajton/Perforce/u1247739_BeefComputer_7811/EAE3710-2023Summer-RedHerring/Content/FirstPersonArms/Character/Materials/MaterialLayers/ML_Plastic_Shiny_Beige_LOGO.uexp" 836
"C:/Users/ajton/Perforce/u1247739_BeefComputer_7811/EAE3710-2023Summer-RedHerring/Content/FirstPersonArms/Character/Materials/MaterialLayers/T_ML_Aluminum01.ubulk" 837
"C:/Users/ajton/Perforce/u1247739_BeefComputer_7811/EAE3710-2023Summer-RedHerring/Content/FirstPersonArms/Character/Materials/MaterialLayers/T_ML_Aluminum01.uasset" 838
"C:/Users/ajton/Perforce/u1247739_BeefComputer_7811/EAE3710-2023Summer-RedHerring/Content/FirstPersonArms/Character/Materials/MaterialLayers/T_ML_Aluminum01.uexp" 839
"C:/Users/ajton/Perforce/u1247739_BeefComputer_7811/EAE3710-2023Summer-RedHerring/Content/FirstPersonArms/Character/Materials/MaterialLayers/T_ML_Aluminum01_N.ubulk" 840
"C:/Users/ajton/Perforce/u1247739_BeefComputer_7811/EAE3710-2023Summer-RedHerring/Content/FirstPersonArms/Character/Materials/MaterialLayers/T_ML_Aluminum01_N.uasset" 841
"C:/Users/ajton/Perforce/u1247739_BeefComputer_7811/EAE3710-2023Summer-RedHerring/Content/FirstPersonArms/Character/Materials/MaterialLayers/T_ML_Aluminum01_N.uexp" 842
"C:/Users/ajton/Perforce/u1247739_BeefComputer_7811/EAE3710-2023Summer-RedHerring/Content/FirstPersonArms/Character/Materials/MaterialLayers/ML_SoftMetal_UE4.uasset" 843
"C:/Users/ajton/Perforce/u1247739_BeefComputer_7811/EAE3710-2023Summer-RedHerring/Content/FirstPersonArms/Character/Materials/MaterialLayers/ML_SoftMetal_UE4.uexp" 844
"C:/Users/ajton/Perforce/u1247739_BeefComputer_7811/EAE3710-2023Summer-RedHerring/Content/FirstPersonArms/Character/Materials/MaterialLayers/ML_Plastic_Shiny_Beige.uasset" 845
"C:/Users/ajton/Perforce/u1247739_BeefComputer_7811/EAE3710-2023Summer-RedHerring/Content/FirstPersonArms/Character/Materials/MaterialLayers/ML_Plastic_Shiny_Beige.uexp" 846
"C:/Users/ajton/Perforce/u1247739_BeefComputer_7811/EAE3710-2023Summer-RedHerring/Content/FirstPersonArms/Character/Textures/UE4_Mannequin__normals.ubulk" 847
"C:/Users/ajton/Perforce/u1247739_BeefComputer_7811/EAE3710-2023Summer-RedHerring/Content/FirstPersonArms/Character/Textures/UE4_Mannequin__normals.uasset" 848
"C:/Users/ajton/Perforce/u1247739_BeefComputer_7811/EAE3710-2023Summer-RedHerring/Content/FirstPersonArms/Character/Textures/UE4_Mannequin__normals.uexp" 849
"C:/Users/ajton/Perforce/u1247739_BeefComputer_7811/EAE3710-2023Summer-RedHerring/Content/FirstPersonArms/Character/Materials/M_UE4Man_Body.uasset" 850
"C:/Users/ajton/Perforce/u1247739_BeefComputer_7811/EAE3710-2023Summer-RedHerring/Content/FirstPersonArms/Character/Materials/M_UE4Man_Body.uexp" 851
"C:/Users/ajton/Perforce/u1247739_BeefComputer_7811/EAE3710-2023Summer-RedHerring/Content/FirstPersonArms/Character/Mesh/SK_Mannequin_Arms_PhysicsAsset.uasset" 852
"C:/Users/ajton/Perforce/u1247739_BeefComputer_7811/EAE3710-2023Summer-RedHerring/Content/FirstPersonArms/Character/Mesh/SK_Mannequin_Arms_PhysicsAsset.uexp" 853
"C:/Users/ajton/Perforce/u1247739_BeefComputer_7811/EAE3710-2023Summer-RedHerring/Content/FirstPersonArms/Character/Mesh/SK_Mannequin_Arms.uasset" 854
"C:/Users/ajton/Perforce/u1247739_BeefComputer_7811/EAE3710-2023Summer-RedHerring/Content/FirstPersonArms/Character/Mesh/SK_Mannequin_Arms.uexp" 855
"C:/Users/ajton/Perforce/u1247739_BeefComputer_7811/EAE3710-2023Summer-RedHerring/Content/Blueprints/Interactables/Items/BPI_Items.uasset" 856
"C:/Users/ajton/Perforce/u1247739_BeefComputer_7811/EAE3710-2023Summer-RedHerring/Content/Blueprints/Interactables/Items/BPI_Items.uexp" 857
"C:/Users/ajton/Perforce/u1247739_BeefComputer_7811/EAE3710-2023Summer-RedHerring/Content/FirstPerson/Input/Actions/IA_Move.uasset" 858
"C:/Users/ajton/Perforce/u1247739_BeefComputer_7811/EAE3710-2023Summer-RedHerring/Content/FirstPerson/Input/Actions/IA_Move.uexp" 859
"C:/Users/ajton/Perforce/u1247739_BeefComputer_7811/EAE3710-2023Summer-RedHerring/Content/FirstPerson/Input/Actions/IA_Jump.uasset" 860
"C:/Users/ajton/Perforce/u1247739_BeefComputer_7811/EAE3710-2023Summer-RedHerring/Content/FirstPerson/Input/Actions/IA_Jump.uexp" 861
"C:/Users/ajton/Perforce/u1247739_BeefComputer_7811/EAE3710-2023Summer-RedHerring/Content/FirstPerson/Input/IMC_Default.uasset" 862
"C:/Users/ajton/Perforce/u1247739_BeefComputer_7811/EAE3710-2023Summer-RedHerring/Content/FirstPerson/Input/IMC_Default.uexp" 863
"C:/Users/ajton/Perforce/u1247739_BeefComputer_7811/EAE3710-2023Summer-RedHerring/Content/FirstPersonArms/Animations/FP_Rifle_Idle.uasset" 864
"C:/Users/ajton/Perforce/u1247739_BeefComputer_7811/EAE3710-2023Summer-RedHerring/Content/FirstPersonArms/Animations/FP_Rifle_Idle.uexp" 865
"C:/Users/ajton/Perforce/u1247739_BeefComputer_7811/EAE3710-2023Summer-RedHerring/Content/FirstPersonArms/Animations/FP_Rifle_Land.uasset" 866
"C:/Users/ajton/Perforce/u1247739_BeefComputer_7811/EAE3710-2023Summer-RedHerring/Content/FirstPersonArms/Animations/FP_Rifle_Land.uexp" 867
"C:/Users/ajton/Perforce/u1247739_BeefComputer_7811/EAE3710-2023Summer-RedHerring/Content/FirstPersonArms/Animations/FP_Rifle_Run.uasset" 868
"C:/Users/ajton/Perforce/u1247739_BeefComputer_7811/EAE3710-2023Summer-RedHerring/Content/FirstPersonArms/Animations/FP_Rifle_Run.uexp" 869
"C:/Users/ajton/Perforce/u1247739_BeefComputer_7811/EAE3710-2023Summer-RedHerring/Content/FirstPersonArms/Animations/FP_Rifle_Falling.uasset" 870
"C:/Users/ajton/Perforce/u1247739_BeefComputer_7811/EAE3710-2023Summer-RedHerring/Content/FirstPersonArms/Animations/FP_Rifle_Falling.uexp" 871
"C:/Users/ajton/Perforce/u1247739_BeefComputer_7811/EAE3710-2023Summer-RedHerring/Content/FirstPersonArms/Animations/FP_Idle.uasset" 872
"C:/Users/ajton/Perforce/u1247739_BeefComputer_7811/EAE3710-2023Summer-RedHerring/Content/FirstPersonArms/Animations/FP_Idle.uexp" 873
"C:/Users/ajton/Perforce/u1247739_BeefComputer_7811/EAE3710-2023Summer-RedHerring/Content/FirstPersonArms/Animations/FP_Jump.uasset" 874
"C:/Users/ajton/Perforce/u1247739_BeefComputer_7811/EAE3710-2023Summer-RedHerring/Content/FirstPersonArms/Animations/FP_Jump.uexp" 875
"C:/Users/ajton/Perforce/u1247739_BeefComputer_7811/EAE3710-2023Summer-RedHerring/Content/FirstPersonArms/Animations/FP_Run_Fwd.uasset" 876
"C:/Users/ajton/Perforce/u1247739_BeefComputer_7811/EAE3710-2023Summer-RedHerring/Content/FirstPersonArms/Animations/FP_Run_Fwd.uexp" 877
"C:/Users/ajton/Perforce/u1247739_BeefComputer_7811/EAE3710-2023Summer-RedHerring/Content/FirstPersonArms/Animations/FP_Land.uasset" 878
"C:/Users/ajton/Perforce/u1247739_BeefComputer_7811/EAE3710-2023Summer-RedHerring/Content/FirstPersonArms/Animations/FP_Land.uexp" 879
"C:/Users/ajton/Perforce/u1247739_BeefComputer_7811/EAE3710-2023Summer-RedHerring/Content/FirstPersonArms/Animations/FP_Falling.uasset" 880
"C:/Users/ajton/Perforce/u1247739_BeefComputer_7811/EAE3710-2023Summer-RedHerring/Content/FirstPersonArms/Animations/FP_Falling.uexp" 881
"C:/Users/ajton/Perforce/u1247739_BeefComputer_7811/EAE3710-2023Summer-RedHerring/Content/FirstPersonArms/Animations/FP_Rifle_Jump.uasset" 882
"C:/Users/ajton/Perforce/u1247739_BeefComputer_7811/EAE3710-2023Summer-RedHerring/Content/FirstPersonArms/Animations/FP_Rifle_Jump.uexp" 883
"C:/Users/ajton/Perforce/u1247739_BeefComputer_7811/EAE3710-2023Summer-RedHerring/Content/FirstPersonArms/Animations/FirstPerson_AnimBP.uasset" 884
"C:/Users/ajton/Perforce/u1247739_BeefComputer_7811/EAE3710-2023Summer-RedHerring/Content/FirstPersonArms/Animations/FirstPerson_AnimBP.uexp" 885
"C:/Users/ajton/Perforce/u1247739_BeefComputer_7811/EAE3710-2023Summer-RedHerring/Content/Blueprints/Interactables/Items/Inventory/BP_Inventory.uasset" 886
"C:/Users/ajton/Perforce/u1247739_BeefComputer_7811/EAE3710-2023Summer-RedHerring/Content/Blueprints/Interactables/Items/Inventory/BP_Inventory.uexp" 887
"../../../Engine/Content/BasicShapes/Sphere.ubulk" 888
"../../../Engine/Content/BasicShapes/Sphere.uasset" 889
"../../../Engine/Content/BasicShapes/Sphere.uexp" 890
"C:/Users/ajton/Perforce/u1247739_BeefComputer_7811/EAE3710-2023Summer-RedHerring/Content/Blueprints/Interactables/Items/BP_Item_Parent.uasset" 891
"C:/Users/ajton/Perforce/u1247739_BeefComputer_7811/EAE3710-2023Summer-RedHerring/Content/Blueprints/Interactables/Items/BP_Item_Parent.uexp" 892
"C:/Users/ajton/Perforce/u1247739_BeefComputer_7811/EAE3710-2023Summer-RedHerring/Content/FirstPerson/Blueprints/BP_FirstPersonCharacter.uasset" 893
"C:/Users/ajton/Perforce/u1247739_BeefComputer_7811/EAE3710-2023Summer-RedHerring/Content/FirstPerson/Blueprints/BP_FirstPersonCharacter.uexp" 894
"C:/Users/ajton/Perforce/u1247739_BeefComputer_7811/EAE3710-2023Summer-RedHerring/Content/FirstPerson/Blueprints/BP_Weapon_Component.uasset" 895
"C:/Users/ajton/Perforce/u1247739_BeefComputer_7811/EAE3710-2023Summer-RedHerring/Content/FirstPerson/Blueprints/BP_Weapon_Component.uexp" 896
"C:/Users/ajton/Perforce/u1247739_BeefComputer_7811/EAE3710-2023Summer-RedHerring/Content/FirstPerson/Blueprints/BP_Pickup_Rifle.uasset" 897
"C:/Users/ajton/Perforce/u1247739_BeefComputer_7811/EAE3710-2023Summer-RedHerring/Content/FirstPerson/Blueprints/BP_Pickup_Rifle.uexp" 898
"../../../Engine/Content/MobileResources/HUD/VirtualJoystick_Background.uasset" 899
"../../../Engine/Content/MobileResources/HUD/VirtualJoystick_Background.uexp" 900
"../../../Engine/Content/MobileResources/HUD/VirtualJoystick_Thumb.uasset" 901
"../../../Engine/Content/MobileResources/HUD/VirtualJoystick_Thumb.uexp" 902
"../../../Engine/Content/MobileResources/HUD/DefaultVirtualJoysticks.uasset" 903
"../../../Engine/Content/MobileResources/HUD/DefaultVirtualJoysticks.uexp" 904
"../../../Engine/Content/Engine_MI_Shaders/T_Emissive.uasset" 905
"../../../Engine/Content/Engine_MI_Shaders/T_Emissive.uexp" 906
"../../../Engine/Content/Engine_MI_Shaders/T_Reflection.uasset" 907
"../../../Engine/Content/Engine_MI_Shaders/T_Reflection.uexp" 908
"../../../Engine/Content/Engine_MI_Shaders/M_Shader_SimpleTranslucent.uasset" 909
"../../../Engine/Content/Engine_MI_Shaders/M_Shader_SimpleTranslucent.uexp" 910
"../../../Engine/Content/Engine_MI_Shaders/Instances/M_Shader_SimpleTranslucent_Invis.uasset" 911
"../../../Engine/Content/Engine_MI_Shaders/Instances/M_Shader_SimpleTranslucent_Invis.uexp" 912
"../../../Engine/Content/EngineSky/VolumetricClouds/CloudWeatherTexture.uasset" 913
"../../../Engine/Content/EngineSky/VolumetricClouds/CloudWeatherTexture.uexp" 914
"../../../Engine/Content/Functions/Engine_MaterialFunctions02/Utility/MakeFloat2.uasset" 915
"../../../Engine/Content/Functions/Engine_MaterialFunctions02/Utility/MakeFloat2.uexp" 916
"../../../Engine/Content/EngineSky/VolumetricClouds/CloudGradientTexture.uasset" 917
"../../../Engine/Content/EngineSky/VolumetricClouds/CloudGradientTexture.uexp" 918
"../../../Engine/Content/EngineSky/VolumetricClouds/T_NoiseShape64.ubulk" 919
"../../../Engine/Content/EngineSky/VolumetricClouds/T_NoiseShape64.uasset" 920
"../../../Engine/Content/EngineSky/VolumetricClouds/T_NoiseShape64.uexp" 921
"../../../Engine/Content/EngineSky/VolumetricClouds/T_VolumeNoiseShape64.uasset" 922
"../../../Engine/Content/EngineSky/VolumetricClouds/T_VolumeNoiseShape64.uexp" 923
"../../../Engine/Content/EngineSky/VolumetricClouds/T_NoiseErosion.ubulk" 924
"../../../Engine/Content/EngineSky/VolumetricClouds/T_NoiseErosion.uasset" 925
"../../../Engine/Content/EngineSky/VolumetricClouds/T_NoiseErosion.uexp" 926
"../../../Engine/Content/EngineSky/VolumetricClouds/T_VolumeNoiseErosion32.uasset" 927
"../../../Engine/Content/EngineSky/VolumetricClouds/T_VolumeNoiseErosion32.uexp" 928
"../../../Engine/Content/EngineSky/VolumetricClouds/m_SimpleVolumetricCloud.uasset" 929
"../../../Engine/Content/EngineSky/VolumetricClouds/m_SimpleVolumetricCloud.uexp" 930
"../../../Engine/Content/EngineSky/VolumetricClouds/m_SimpleVolumetricCloud_Inst.uasset" 931
"../../../Engine/Content/EngineSky/VolumetricClouds/m_SimpleVolumetricCloud_Inst.uexp" 932
"../../../Engine/Content/EngineResources/FilmGrains/Marcie_Grain_v3_128_M2_000.uasset" 933
"../../../Engine/Content/EngineResources/FilmGrains/Marcie_Grain_v3_128_M2_000.uexp" 934
"C:/Users/ajton/Perforce/u1247739_BeefComputer_7811/EAE3710-2023Summer-RedHerring/Content/Objects/Letter.ubulk" 935
"C:/Users/ajton/Perforce/u1247739_BeefComputer_7811/EAE3710-2023Summer-RedHerring/Content/Objects/Letter.uasset" 936
"C:/Users/ajton/Perforce/u1247739_BeefComputer_7811/EAE3710-2023Summer-RedHerring/Content/Objects/Letter.uexp" 937
"C:/Users/ajton/Perforce/u1247739_BeefComputer_7811/EAE3710-2023Summer-RedHerring/Content/Objects/materials/Material__43.uasset" 938
"C:/Users/ajton/Perforce/u1247739_BeefComputer_7811/EAE3710-2023Summer-RedHerring/Content/Objects/materials/Material__43.uexp" 939
"C:/Users/ajton/Perforce/u1247739_BeefComputer_7811/EAE3710-2023Summer-RedHerring/Content/Blueprints/Interactables/Items/BP_Letter.uasset" 940
"C:/Users/ajton/Perforce/u1247739_BeefComputer_7811/EAE3710-2023Summer-RedHerring/Content/Blueprints/Interactables/Items/BP_Letter.uexp" 941
"C:/Users/ajton/Perforce/u1247739_BeefComputer_7811/EAE3710-2023Summer-RedHerring/Content/Blueprints/Interactables/Items/BP_Item_Test.uasset" 942
"C:/Users/ajton/Perforce/u1247739_BeefComputer_7811/EAE3710-2023Summer-RedHerring/Content/Blueprints/Interactables/Items/BP_Item_Test.uexp" 943
"C:/Users/ajton/Perforce/u1247739_BeefComputer_7811/EAE3710-2023Summer-RedHerring/Content/FPWeapon/Materials/MaterialLayers/T_ML_FineRubber.ubulk" 944
"C:/Users/ajton/Perforce/u1247739_BeefComputer_7811/EAE3710-2023Summer-RedHerring/Content/FPWeapon/Materials/MaterialLayers/T_ML_FineRubber.uasset" 945
"C:/Users/ajton/Perforce/u1247739_BeefComputer_7811/EAE3710-2023Summer-RedHerring/Content/FPWeapon/Materials/MaterialLayers/T_ML_FineRubber.uexp" 946
"../../../Engine/Content/Maps/Templates/HLODs/HLODLayer_Merged.uasset" 947
"../../../Engine/Content/Maps/Templates/HLODs/HLODLayer_Merged.uexp" 948
"../../../Engine/Content/Functions/Engine_MaterialFunctions01/Shading/PowerToRoughness.uasset" 949
"../../../Engine/Content/Functions/Engine_MaterialFunctions01/Shading/PowerToRoughness.uexp" 950
"../../../Engine/Content/Functions/Engine_MaterialFunctions01/Shading/ConvertFromDiffSpec.uasset" 951
"../../../Engine/Content/Functions/Engine_MaterialFunctions01/Shading/ConvertFromDiffSpec.uexp" 952
"../../../Engine/Content/Maps/Entry_BuiltData.uasset" 953
"../../../Engine/Content/Maps/Entry_BuiltData.uexp" 954
"../../../Engine/Content/Maps/Entry.uexp" 955
"../../../Engine/Content/Maps/Entry.umap" 956
"C:/Users/ajton/Perforce/u1247739_BeefComputer_7811/EAE3710-2023Summer-RedHerring/Content/FirstPerson/Blueprints/BP_FirstPersonGameMode.uasset" 957
"C:/Users/ajton/Perforce/u1247739_BeefComputer_7811/EAE3710-2023Summer-RedHerring/Content/FirstPerson/Blueprints/BP_FirstPersonGameMode.uexp" 958
"../../../Engine/Content/Maps/Templates/HLODs/HLODLayer_Instanced.uasset" 959
"../../../Engine/Content/Maps/Templates/HLODs/HLODLayer_Instanced.uexp" 960
"C:/Users/ajton/Perforce/u1247739_BeefComputer_7811/EAE3710-2023Summer-RedHerring/Content/FirstPerson/Maps/FirstPersonMap.uexp" 961
"C:/Users/ajton/Perforce/u1247739_BeefComputer_7811/EAE3710-2023Summer-RedHerring/Content/FirstPerson/Maps/FirstPersonMap.umap" 962
